epoch,train_loss,train_l2_loss,train_excange_proc,val_loss,val_l2_loss,val_excange_proc,test_loss,test_l2_loss,test_excange_proc,train_acc,val_acc,test_acc,diff,train_proc,eval_proc,comm_proc,timestamp,sleep_proc
1,2.6164599545300007,17620.62109375,0.2855249999999999,2.1917157757282255,17619.912109375,0.0,2.1907679891586302,17619.912109375,0.0,0.172734375,0.17814,0.1749,0.0,7.727512,11.545626,0.0,2022-10-31 19:15:31.812615,0.0
2,2.321012046188116,17530.529296875,0.296673,1.979040358543396,17529.822265625,0.0,1.971112014055252,17529.822265625,0.0,0.283671875,0.28502,0.2932,0.0,7.560743,11.854724,0.0,2022-10-31 19:15:51.228376,0.0
3,2.1829125890508294,17440.9453125,0.32421099999999986,1.9908845207691193,17440.234375,0.0,1.9759473156929017,17440.234375,0.0,0.260390625,0.26154,0.268,0.0,7.563921,11.52631,0.0,2022-10-31 19:16:10.318876,0.0
4,2.0768165839836,17351.83203125,0.28972500000000007,1.858535885810852,17351.138671875,0.0,1.8527571952342987,17351.138671875,0.0,0.33359375,0.33382,0.3354,0.0,7.539125,11.530663,0.0,2022-10-31 19:16:29.388932,0.0
5,1.9894924880936742,17263.197265625,0.28359600000000007,1.831713168144226,17262.5078125,0.0,1.83014089345932,17262.5078125,0.0,0.354921875,0.34932,0.3476,0.0,7.565717,11.563802,0.0,2022-10-31 19:16:48.518719,0.0
6,1.9045232301577926,17175.03125,0.29634699999999986,1.7130779457092284,17174.34375,0.0,1.710959404706955,17174.34375,0.0,0.37609375,0.3738,0.3697,0.0,7.607757,11.595654,0.0,2022-10-31 19:17:07.722395,0.0
7,1.8486203448846936,17087.3203125,0.29890000000000005,1.720577559709549,17086.638671875,0.0,1.7194367802143098,17086.638671875,0.0,0.387421875,0.38252,0.3795,0.0,7.395751,11.622911,0.0,2022-10-31 19:17:26.741332,0.0
8,1.8040373036637902,17000.060546875,0.28834,1.6713649754524231,16999.37890625,0.0,1.6732027018070221,16999.37890625,0.0,0.38875,0.38976,0.3911,0.0,7.659535,11.543974,0.0,2022-10-31 19:17:45.945104,0.0
9,1.7634182265028358,16913.251953125,0.30353200000000014,1.5834712018966675,16912.57421875,0.0,1.5831970024108886,16912.57421875,0.0,0.420703125,0.42212,0.4215,0.0,7.752607,11.589108,0.0,2022-10-31 19:18:05.287087,0.0
10,1.7124170800670981,16826.8984375,0.309003,1.5981812748908997,16826.23046875,0.0,1.6034088504314423,16826.23046875,0.0,0.42328125,0.42364,0.4203,0.0,7.710862,11.492726,0.0,2022-10-31 19:18:24.490965,0.0
11,1.708022533915937,16740.984375,0.288629,1.6628674976825715,16740.30859375,0.0,1.6659811294078828,16740.30859375,0.0,0.416875,0.41344,0.4122,0.0,7.651479,11.501676,0.0,2022-10-31 19:18:43.644388,0.0
12,1.6694684410467744,16655.50390625,0.30165800000000004,1.5043027939796447,16654.849609375,0.0,1.5166431367397308,16654.849609375,0.0,0.46515625,0.45914,0.4526,0.0,7.645378,11.498074,0.0,2022-10-31 19:19:02.788142,0.0
13,1.6137892976403236,16570.482421875,0.2949190000000001,1.4897087018489839,16569.826171875,0.0,1.5036217546463013,16569.826171875,0.0,0.453671875,0.4618,0.4577,0.0,7.634884,11.490363,0.0,2022-10-31 19:19:21.913682,0.0
14,1.6060951026156545,16485.890625,0.3038470000000001,1.4304451940059661,16485.23046875,0.0,1.4401603615283967,16485.23046875,0.0,0.481875,0.48158,0.4731,0.0,7.707564,11.498949,0.0,2022-10-31 19:19:41.120481,0.0
15,1.5678446236997843,16401.728515625,0.3115709999999999,1.4172251484394074,16401.068359375,0.0,1.439735906124115,16401.068359375,0.0,0.492421875,0.48782,0.4752,0.0,7.45914,11.513249,0.0,2022-10-31 19:20:00.093155,0.0
16,1.563269279897213,16317.998046875,0.30347700000000005,1.4441890659332275,16317.3427734375,0.0,1.4639201378822326,16317.3427734375,0.0,0.475703125,0.48174,0.4747,0.0,7.497971,11.506676,0.0,2022-10-31 19:20:19.098080,0.0
17,1.5484389383345842,16234.6923828125,0.303164,1.3768537065982818,16234.048828125,0.0,1.396512142419815,16234.048828125,0.0,0.506953125,0.50596,0.4964,0.0,7.387586,11.595021,0.0,2022-10-31 19:20:38.080966,0.0
18,1.515760007314384,16151.8154296875,0.2987660000000002,1.3661656289100648,16151.16796875,0.0,1.3895586144924164,16151.16796875,0.0,0.514453125,0.51102,0.4998,0.0,7.700432,11.48945,0.0,2022-10-31 19:20:57.271144,0.0
19,1.4964584112167358,16069.3662109375,0.30587100000000006,1.3411740646362305,16068.7314453125,0.0,1.366099828481674,16068.7314453125,0.0,0.51765625,0.5195,0.5098,0.0,7.561258,11.519594,0.0,2022-10-31 19:21:16.352275,0.0
20,1.4835093012079597,15987.3369140625,0.31852399999999986,1.3882183864116668,15986.7041015625,0.0,1.4180672335624696,15986.7041015625,0.0,0.505078125,0.50464,0.4974,0.0,7.590004,11.578272,0.0,2022-10-31 19:21:35.520842,0.0
21,1.464931931346655,15905.734375,0.3012329999999999,1.4382265439033508,15905.099609375,0.0,1.4598897838592528,15905.099609375,0.0,0.494140625,0.4958,0.4846,0.0,7.619997,11.531347,0.0,2022-10-31 19:21:54.672518,0.0
22,1.4481157399713993,15824.548828125,0.29777300000000007,1.3117678488492965,15823.9091796875,0.0,1.3412512600421906,15823.9091796875,0.0,0.531796875,0.52766,0.5222,0.0,7.667502,11.582334,0.0,2022-10-31 19:22:13.922641,0.0
23,1.439693153835833,15743.7646484375,0.29921700000000007,1.2750925674438476,15743.138671875,0.0,1.31556977391243,15743.138671875,0.0,0.55265625,0.54168,0.528,0.0,7.744052,11.559764,0.0,2022-10-31 19:22:33.226740,0.0
24,1.4292363785207272,15663.4052734375,0.2999249999999999,1.3229582039117813,15662.78125,0.0,1.3617429256439209,15662.78125,0.0,0.52984375,0.53104,0.5173,0.0,7.640534,11.580875,0.0,2022-10-31 19:22:52.448435,0.0
25,1.3874779464676976,15583.462890625,0.29373900000000003,1.3087346999645233,15582.841796875,0.0,1.351921478509903,15582.841796875,0.0,0.541484375,0.5382,0.5223,0.0,7.708076,11.661175,0.0,2022-10-31 19:23:11.817972,0.0
26,1.3888196349143982,15503.921875,0.27959200000000006,1.2356588298082352,15503.3017578125,0.0,1.2776145434379578,15503.3017578125,0.0,0.55921875,0.55676,0.5449,0.0,7.454545,11.57925,0.0,2022-10-31 19:23:30.852045,0.0
27,1.375811799429357,15424.7890625,0.29411,1.2381052905321122,15424.173828125,0.0,1.2807420146465303,15424.173828125,0.0,0.561953125,0.55962,0.5472,0.0,7.624106,11.578971,0.0,2022-10-31 19:23:50.055415,0.0
28,1.3532689325511456,15346.068359375,0.295993,1.263873819231987,15345.4541015625,0.0,1.305103486776352,15345.4541015625,0.0,0.54609375,0.55362,0.5387,0.0,7.656768,11.578329,0.0,2022-10-31 19:24:09.290784,0.0
29,1.349638489075005,15267.7470703125,0.29197699999999993,1.1824868658781051,15267.13671875,0.0,1.2347285890579223,15267.13671875,0.0,0.577109375,0.57804,0.5597,0.0,7.650751,11.579911,0.0,2022-10-31 19:24:28.521726,0.0
30,1.3288375614210963,15189.830078125,0.30126200000000003,1.2111336141824722,15189.2236328125,0.0,1.2583448612689971,15189.2236328125,0.0,0.565234375,0.57114,0.5573,0.0,7.666586,11.576612,0.0,2022-10-31 19:24:47.765235,0.0
31,1.3234219485893846,15112.3095703125,0.294446,1.159713505268097,15111.7041015625,0.0,1.2113153213262557,15111.7041015625,0.0,0.59484375,0.58668,0.5697,0.0,7.739133,11.582624,0.0,2022-10-31 19:25:07.087271,0.0
32,1.300249914638698,15035.1904296875,0.306373,1.1867095509767531,15034.5888671875,0.0,1.253509995341301,15034.5888671875,0.0,0.588359375,0.58102,0.5602,0.0,7.628292,11.596952,0.0,2022-10-31 19:25:26.312798,0.0
33,1.2773594185709953,14958.4521484375,0.30186399999999985,1.1225646843910217,14957.857421875,0.0,1.1864072608947753,14957.857421875,0.0,0.60109375,0.60096,0.5823,0.0,7.762623,11.595107,0.0,2022-10-31 19:25:45.670810,0.0
34,1.274228754453361,14882.1259765625,0.30705699999999997,1.1638229751586915,14881.53125,0.0,1.2357491391897202,14881.53125,0.0,0.580234375,0.5871,0.5683,0.0,7.755257,11.536347,0.0,2022-10-31 19:26:04.962695,0.0
35,1.2693650275468826,14806.1806640625,0.3105270000000001,1.144916829943657,14805.5859375,0.0,1.211992222070694,14805.5859375,0.0,0.59625,0.59418,0.5724,0.0,7.698862,11.528552,0.0,2022-10-31 19:26:24.190377,0.0
36,1.2456136653199792,14730.6279296875,0.6964820000000003,1.1364697023630141,14730.03515625,0.0,1.2126369273662567,14730.03515625,0.0,0.605390625,0.60236,0.5818,0.0,5.957734,11.542947,0.0,2022-10-31 19:26:41.691316,0.0
37,1.2546056821011007,14655.453125,0.3316469999999999,1.1325137969255448,14654.8662109375,0.0,1.2082404774427413,14654.8662109375,0.0,0.60296875,0.602,0.5741,0.0,7.41862,11.581635,0.0,2022-10-31 19:27:00.691852,0.0
38,1.236177595332265,14580.6669921875,0.3065450000000001,1.1306884355545044,14580.0888671875,0.0,1.2082409584522247,14580.0888671875,0.0,0.601328125,0.60474,0.5805,0.0,7.728251,11.563174,0.0,2022-10-31 19:27:19.983571,0.0
39,1.2291317735798657,14506.2646484375,0.3341070000000001,1.101191016793251,14505.6943359375,0.0,1.1802535569667816,14505.6943359375,0.0,0.613671875,0.61132,0.5924,0.0,7.473404,11.560334,0.0,2022-10-31 19:27:39.017658,0.0
40,1.2148574171587825,14432.25,0.2995009999999999,1.0841148931980134,14431.66796875,0.0,1.178049442768097,14431.66796875,0.0,0.613359375,0.61554,0.5841,0.0,7.752394,11.571894,0.0,2022-10-31 19:27:58.342249,0.0
41,1.2092440607957542,14358.603515625,0.303436,1.0351448054313659,14358.02734375,0.0,1.1267785489559174,14358.02734375,0.0,0.6359375,0.63462,0.6072,0.0,7.739764,11.602057,0.0,2022-10-31 19:28:17.684375,0.0
42,1.1913978485390544,14285.3408203125,0.32303300000000007,1.08827725815773,14284.76171875,0.0,1.1767719370126724,14284.76171875,0.0,0.6315625,0.62408,0.5976,0.0,7.410705,11.576327,0.0,2022-10-31 19:28:36.671688,0.0
43,1.1855278443545103,14212.447265625,0.30090500000000003,1.1025997561216354,14211.8701171875,0.0,1.1993945652246476,14211.8701171875,0.0,0.616171875,0.61984,0.591,0.0,7.582525,11.588835,0.0,2022-10-31 19:28:55.843330,0.0
44,1.1589567218907177,14139.9306640625,0.337999,1.0084316643476485,14139.359375,0.0,1.1078775441646576,14139.359375,0.0,0.6440625,0.64652,0.6129,0.0,7.309617,11.52806,0.0,2022-10-31 19:29:14.681294,0.0
45,1.1556080426089466,14067.78515625,0.3008850000000003,1.0374876643419266,14067.2216796875,0.0,1.138106124997139,14067.2216796875,0.0,0.6459375,0.63758,0.6036,0.0,7.659483,11.531917,0.0,2022-10-31 19:29:33.872999,0.0
46,1.1501069720834494,13996.009765625,0.2898579999999999,1.0275635420084,13995.443359375,0.0,1.1354832530021668,13995.443359375,0.0,0.6415625,0.6434,0.6118,0.0,7.647893,11.569521,0.0,2022-10-31 19:29:53.090690,0.0
47,1.1542041944339871,13924.599609375,0.29867900000000003,0.974908525466919,13924.03515625,0.0,1.0784872961044312,13924.03515625,0.0,0.6625,0.65764,0.6214,0.0,7.72273,11.620132,0.0,2022-10-31 19:30:12.433838,0.0
48,1.115969168022275,13853.55078125,0.2895229999999999,0.9740277462005615,13852.998046875,0.0,1.0827105993032455,13852.998046875,0.0,0.66,0.6592,0.6254,0.0,7.763819,11.579645,0.0,2022-10-31 19:30:31.777594,0.0
49,1.1216923082247376,13782.8740234375,0.28593,1.0445178706645966,13782.3212890625,0.0,1.149950161576271,13782.3212890625,0.0,0.628203125,0.63476,0.6069,0.0,7.629881,11.584278,0.0,2022-10-31 19:30:50.992055,0.0
50,1.1095678135752678,13712.552734375,0.29409800000000014,0.9369856294393539,13712.0029296875,0.0,1.0560234051942825,13712.0029296875,0.0,0.669296875,0.6698,0.6365,0.0,7.686041,11.583284,0.0,2022-10-31 19:31:10.261669,0.0
51,1.1056979722343385,13642.5927734375,0.30439799999999995,0.9540145964622497,13642.05078125,0.0,1.0611172258853911,13642.05078125,0.0,0.66640625,0.66576,0.629,0.0,7.752464,11.558732,0.0,2022-10-31 19:31:29.573176,0.0
52,1.0764701566658914,13572.9970703125,0.31430500000000006,1.0231089586019515,13572.4541015625,0.0,1.140421541929245,13572.4541015625,0.0,0.65109375,0.6485,0.6115,0.0,7.736342,11.532138,0.0,2022-10-31 19:31:48.841940,0.0
53,1.0902221356518567,13503.748046875,0.30105799999999977,0.9507312812805175,13503.2109375,0.0,1.0823340946435929,13503.2109375,0.0,0.6646875,0.66564,0.6264,0.0,7.672118,11.569035,0.0,2022-10-31 19:32:08.083351,0.0
54,1.06142288306728,13434.8583984375,0.3046750000000001,0.92409383893013,13434.3193359375,0.0,1.0554569566249847,13434.3193359375,0.0,0.672890625,0.67518,0.6318,0.0,7.71452,11.567557,0.0,2022-10-31 19:32:27.365708,0.0
55,1.0693740653805435,13366.3212890625,0.292131,0.9148212476968766,13365.787109375,0.0,1.052764202952385,13365.787109375,0.0,0.68171875,0.68156,0.6392,0.0,7.600028,11.547902,0.0,2022-10-31 19:32:46.513916,0.0
56,1.041845515370369,13298.1328125,0.3070050000000001,0.9423296979665756,13297.6064453125,0.0,1.0697422212362289,13297.6064453125,0.0,0.6653125,0.66664,0.6305,0.0,7.666661,11.558983,0.0,2022-10-31 19:33:05.739842,0.0
57,1.034880285616964,13230.30078125,0.293228,0.9468708523511886,13229.76953125,0.0,1.0886291801929473,13229.76953125,0.0,0.671484375,0.66832,0.6255,0.0,7.702964,11.571535,0.0,2022-10-31 19:33:25.014614,0.0
58,1.055450591724366,13162.8037109375,0.3204979999999999,0.9249782546758651,13162.27734375,0.0,1.0636633431911469,13162.27734375,0.0,0.680859375,0.67622,0.6352,0.0,7.604031,11.583432,0.0,2022-10-31 19:33:44.202372,0.0
59,1.0268127960152924,13095.6572265625,0.308754,0.9196173902750016,13095.134765625,0.0,1.0750833535194397,13095.134765625,0.0,0.681484375,0.6777,0.631,0.0,7.587822,11.527754,0.0,2022-10-31 19:34:03.318222,0.0
60,1.0317604127340019,13028.85546875,0.3021829999999999,0.9221169154644012,13028.333984375,0.0,1.0801581472158432,13028.333984375,0.0,0.68609375,0.68286,0.6356,0.0,7.751976,11.593419,0.0,2022-10-31 19:34:22.663902,0.0
61,1.0171698206104338,12962.3974609375,0.2978349999999999,0.9649561895132065,12961.884765625,0.0,1.1198205053806305,12961.884765625,0.0,0.663515625,0.67262,0.6262,0.0,7.586439,11.593006,0.0,2022-10-31 19:34:41.843632,0.0
62,1.016324837692082,12896.2822265625,0.38642899999999997,0.8619916554689407,12895.7666015625,0.0,1.0248787194490432,12895.7666015625,0.0,0.701953125,0.70288,0.6513,0.0,6.899014,11.578125,0.0,2022-10-31 19:35:00.321085,0.0
63,1.0223191799595952,12830.4921875,0.2945779999999998,0.8808899153470993,12829.9775390625,0.0,1.0526532101631165,12829.9775390625,0.0,0.688828125,0.69046,0.64,0.0,7.618727,11.566156,0.0,2022-10-31 19:35:19.506288,0.0
64,1.0069859642535448,12765.0498046875,0.29686599999999985,0.8498867740631103,12764.5439453125,0.0,1.0090249186754228,12764.5439453125,0.0,0.70515625,0.7055,0.6573,0.0,7.760981,11.57475,0.0,2022-10-31 19:35:38.842323,0.0
65,0.9988071909174323,12699.9423828125,0.291048,0.8899262152910232,12699.43359375,0.0,1.0688754796981812,12699.43359375,0.0,0.68890625,0.69074,0.6453,0.0,7.708315,11.556805,0.0,2022-10-31 19:35:58.107732,0.0
66,0.9665589299984276,12635.1689453125,0.313205,0.8465269110202789,12634.6611328125,0.0,1.026273131966591,12634.6611328125,0.0,0.708984375,0.70652,0.6532,0.0,7.584668,11.570093,0.0,2022-10-31 19:36:17.262766,0.0
67,0.9590804339386523,12570.724609375,0.306726,0.8199501947164536,12570.2177734375,0.0,1.0089526838064193,12570.2177734375,0.0,0.715546875,0.71668,0.6608,0.0,7.653808,11.57627,0.0,2022-10-31 19:36:36.493137,0.0
68,0.9531225729733706,12506.611328125,0.3028930000000001,0.8924109057188034,12506.10546875,0.0,1.0714382416009902,12506.10546875,0.0,0.681484375,0.69254,0.6436,0.0,7.603293,11.572193,0.0,2022-10-31 19:36:55.668894,0.0
69,0.9535947609692812,12442.8203125,0.6499379999999999,0.8278941322565079,12442.318359375,0.0,1.0149830853939057,12442.318359375,0.0,0.708125,0.7107,0.6572,0.0,6.134282,11.583887,0.0,2022-10-31 19:37:13.387323,0.0
70,0.9367775577120483,12379.3544921875,0.687363,0.8058132354021073,12378.8642578125,0.0,0.9912798005342484,12378.8642578125,0.0,0.7171875,0.7186,0.6653,0.0,5.967627,11.575063,0.0,2022-10-31 19:37:30.930271,0.0
71,0.9509277665056288,12316.224609375,0.6871929999999999,0.8673827340602874,12315.7265625,0.0,1.0384591186046601,12315.7265625,0.0,0.7046875,0.6991,0.6472,0.0,5.963532,11.578177,0.0,2022-10-31 19:37:48.472256,0.0
72,0.9429158521816134,12253.41015625,0.36795899999999987,0.7927984338998795,12252.9228515625,0.0,0.9883091622591018,12252.9228515625,0.0,0.72484375,0.72604,0.6667,0.0,7.326905,11.57106,0.0,2022-10-31 19:38:07.370508,0.0
73,0.9291647453792393,12190.9169921875,0.298971,0.7684334071874619,12190.43359375,0.0,0.974465109705925,12190.43359375,0.0,0.736640625,0.7357,0.6685,0.0,7.732084,11.583544,0.0,2022-10-31 19:38:26.686426,0.0
74,0.9255035733804107,12128.7509765625,0.29985600000000007,0.7892830262184143,12128.2607421875,0.0,0.9869709789752961,12128.2607421875,0.0,0.7290625,0.7264,0.6667,0.0,7.683893,11.588854,0.0,2022-10-31 19:38:45.959441,0.0
75,0.9172380217351019,12066.8935546875,0.362142,0.7551109595298767,12066.4140625,0.0,0.9688298720121383,12066.4140625,0.0,0.740390625,0.7397,0.6738,0.0,7.160424,11.545835,0.0,2022-10-31 19:39:04.665981,0.0
76,0.9147080751135945,12005.357421875,0.30193900000000007,0.8065937439203262,12004.875,0.0,1.0140870559215545,12004.875,0.0,0.723671875,0.72372,0.6587,0.0,7.767829,11.579936,0.0,2022-10-31 19:39:24.014028,0.0
77,0.8943869890645146,11944.138671875,0.2984100000000001,0.732696669459343,11943.6591796875,0.0,0.9576356607675552,11943.6591796875,0.0,0.746171875,0.748,0.6793,0.0,7.697746,11.579826,0.0,2022-10-31 19:39:43.291931,0.0
78,0.8863315242342651,11883.224609375,0.3037259999999999,0.7312228578329086,11882.75390625,0.0,0.9554140949249268,11882.75390625,0.0,0.75015625,0.74924,0.6815,0.0,7.727214,11.56782,0.0,2022-10-31 19:40:02.587263,0.0
79,0.8717855084687471,11822.6328125,0.3040069999999999,0.7549974057674408,11822.1611328125,0.0,0.9802681785821915,11822.1611328125,0.0,0.73796875,0.7406,0.6725,0.0,7.722332,11.590694,0.0,2022-10-31 19:40:21.900574,0.0
80,0.8711490356363356,11762.349609375,0.3014200000000001,0.8295913056135178,11761.87890625,0.0,1.0465307414531708,11761.87890625,0.0,0.715078125,0.71382,0.65,0.0,7.765958,11.585115,0.0,2022-10-31 19:40:41.251922,0.0
81,0.8645987180061638,11702.3681640625,0.28978000000000004,0.7631578214168548,11701.9052734375,0.0,0.9926825016736984,11701.9052734375,0.0,0.7403125,0.73766,0.6662,0.0,7.734713,11.597103,0.0,2022-10-31 19:41:00.584030,0.0
82,0.8562082210555673,11642.701171875,0.3196109999999999,0.712390418291092,11642.2353515625,0.0,0.9393174296617508,11642.2353515625,0.0,0.751875,0.75674,0.6857,0.0,7.54041,11.576736,0.0,2022-10-31 19:41:19.701457,0.0
83,0.8645927901379764,11583.3349609375,0.298989,0.70580073595047,11582.8720703125,0.0,0.9449100458621978,11582.8720703125,0.0,0.757421875,0.75726,0.6839,0.0,7.765895,11.660033,0.0,2022-10-31 19:41:39.127667,0.0
84,0.8600856568664312,11524.271484375,0.30671899999999985,0.7562695360779762,11523.8134765625,0.0,0.9994449663162231,11523.8134765625,0.0,0.73484375,0.73996,0.6708,0.0,7.695432,11.608293,0.0,2022-10-31 19:41:58.431709,0.0
85,0.8475691485218704,11465.5166015625,0.30142800000000003,0.744851023375988,11465.0576171875,0.0,1.0022238302230835,11465.0576171875,0.0,0.743359375,0.74552,0.6716,0.0,7.476286,11.601323,0.0,2022-10-31 19:42:17.509599,0.0
86,0.8418953125365078,11407.0595703125,0.317255,0.7969460979700088,11406.607421875,0.0,1.0432434159517288,11406.607421875,0.0,0.73,0.7294,0.6617,0.0,7.520657,11.59409,0.0,2022-10-31 19:42:36.624631,0.0
87,0.8268598676659167,11348.9013671875,0.42386800000000024,0.6942980689406395,11348.4521484375,0.0,0.9433103144168854,11348.4521484375,0.0,0.761796875,0.76148,0.6833,0.0,7.098516,11.644112,0.0,2022-10-31 19:42:55.367519,0.0
88,0.8433100902475417,11291.041015625,0.6869009999999997,0.6532204585075378,11290.5888671875,0.0,0.919799833893776,11290.5888671875,0.0,0.77421875,0.77556,0.6945,0.0,5.967466,11.581313,0.0,2022-10-31 19:43:12.916575,0.0
89,0.8169571803882718,11233.4794921875,0.6130899999999997,0.6474790115356446,11233.02734375,0.0,0.9213574302196502,11233.02734375,0.0,0.780703125,0.77766,0.6911,0.0,6.297638,11.535298,0.0,2022-10-31 19:43:30.749790,0.0
90,0.8198044537566602,11176.2060546875,0.30168,0.7519317247271537,11175.7568359375,0.0,1.016111432313919,11175.7568359375,0.0,0.7425,0.74066,0.6695,0.0,7.675038,11.542847,0.0,2022-10-31 19:43:49.967950,0.0
91,0.8050340795889497,11119.2255859375,0.29895,0.6466409429311752,11118.78515625,0.0,0.9231234520673752,11118.78515625,0.0,0.7821875,0.77724,0.6918,0.0,7.60628,11.552632,0.0,2022-10-31 19:44:09.127161,0.0
92,0.8022706927731633,11062.5498046875,0.28344500000000017,0.6444656288027764,11062.1083984375,0.0,0.9324882835149765,11062.1083984375,0.0,0.7840625,0.77892,0.6904,0.0,7.692558,11.551735,0.0,2022-10-31 19:44:28.371730,0.0
93,0.7940296097658575,11006.154296875,0.30096799999999985,0.649507761836052,11005.720703125,0.0,0.9383535033464432,11005.720703125,0.0,0.775,0.77884,0.694,0.0,7.540097,11.571825,0.0,2022-10-31 19:44:47.483941,0.0
94,0.7876209593378007,10950.052734375,0.2928,0.6473217515349388,10949.615234375,0.0,0.9377330189943314,10949.615234375,0.0,0.783515625,0.7786,0.6884,0.0,7.695334,11.562453,0.0,2022-10-31 19:45:06.742006,0.0
95,0.7900200509466231,10894.2333984375,0.2797120000000001,0.6503252916932106,10893.8037109375,0.0,0.9502577984333038,10893.8037109375,0.0,0.780546875,0.77816,0.6866,0.0,7.586004,11.548576,0.0,2022-10-31 19:45:25.876886,0.0
96,0.7856083433143795,10838.708984375,0.3045899999999999,0.6336051732301712,10838.2763671875,0.0,0.9404763370752335,10838.2763671875,0.0,0.7828125,0.78172,0.6886,0.0,7.460305,11.587924,0.0,2022-10-31 19:45:44.925407,0.0
97,0.7765511916950345,10783.4609375,0.300921,0.6269684471487998,10783.033203125,0.0,0.9160010749101639,10783.033203125,0.0,0.7859375,0.78448,0.6917,0.0,7.600222,11.736928,0.0,2022-10-31 19:46:04.262822,0.0
98,0.7735487702302635,10728.4970703125,0.2919169999999999,0.6151149152517319,10728.0703125,0.0,0.9155630046129226,10728.0703125,0.0,0.787890625,0.79008,0.6984,0.0,7.670511,11.52671,0.0,2022-10-31 19:46:23.460336,0.0
99,0.7660179077647626,10673.8212890625,0.28948099999999993,0.7049898849725723,10673.3896484375,0.0,1.014134019613266,10673.3896484375,0.0,0.76953125,0.76996,0.6749,0.0,7.720723,11.53362,0.0,2022-10-31 19:46:42.714960,0.0
100,0.7590493187308311,10619.4150390625,0.30231199999999997,0.6068691055178642,10618.994140625,0.0,0.9285089868307114,10618.994140625,0.0,0.7959375,0.79146,0.6953,0.0,7.609111,11.590966,0.0,2022-10-31 19:47:01.915340,0.0
101,0.7721218566875905,10565.294921875,0.37633399999999995,0.6013234379887581,10564.876953125,0.0,0.9046301072835923,10564.876953125,0.0,0.7953125,0.79326,0.6983,0.0,6.899901,11.57784,0.0,2022-10-31 19:47:20.393373,0.0
102,0.7502826978452504,10511.455078125,0.3005300000000001,0.6076891630887985,10511.0341796875,0.0,0.924328625202179,10511.0341796875,0.0,0.791875,0.7908,0.6934,0.0,7.54852,11.584468,0.0,2022-10-31 19:47:39.526657,0.0
103,0.7417643866501749,10457.884765625,0.280969,0.5891968940496445,10457.462890625,0.0,0.9083994013071061,10457.462890625,0.0,0.79296875,0.79882,0.6993,0.0,7.684609,11.581758,0.0,2022-10-31 19:47:58.793311,0.0
104,0.7504247254692018,10404.580078125,0.276416,0.5719472110867501,10404.162109375,0.0,0.8881333965063095,10404.162109375,0.0,0.803125,0.80444,0.7038,0.0,7.620267,11.573553,0.0,2022-10-31 19:48:17.987402,0.0
105,0.7317353640682995,10351.55859375,0.28298300000000004,0.5602549656629562,10351.1455078125,0.0,0.9015228205919266,10351.1455078125,0.0,0.809296875,0.80762,0.7072,0.0,7.568711,11.547109,0.0,2022-10-31 19:48:37.103506,0.0
106,0.7177216024138033,10298.81640625,0.2924379999999999,0.5547115969061851,10298.404296875,0.0,0.8800038629770279,10298.404296875,0.0,0.814140625,0.8115,0.7078,0.0,7.582708,11.570407,0.0,2022-10-31 19:48:56.256902,0.0
107,0.7044236192014068,10246.3369140625,0.32854200000000017,0.6157988092303276,10245.92578125,0.0,0.9609421169757844,10245.92578125,0.0,0.78671875,0.78814,0.6833,0.0,7.414975,11.5556,0.0,2022-10-31 19:49:15.227751,0.0
108,0.7020435042213649,10194.125,0.2859370000000001,0.5571270339488983,10193.7177734375,0.0,0.8931962203979492,10193.7177734375,0.0,0.8125,0.8113,0.7077,0.0,7.46362,11.589147,0.0,2022-10-31 19:49:34.280794,0.0
109,0.7177738738246262,10142.1748046875,0.3482950000000001,0.5534039194583893,10141.7705078125,0.0,0.9083894324302674,10141.7705078125,0.0,0.8021875,0.80896,0.7004,0.0,7.260749,11.553982,0.0,2022-10-31 19:49:53.095803,0.0
110,0.7131239324808121,10090.5009765625,0.27331500000000003,0.566724088549614,10090.0986328125,0.0,0.9221433991193771,10090.0986328125,0.0,0.808828125,0.80732,0.6926,0.0,7.629313,11.562243,0.0,2022-10-31 19:50:12.287640,0.0
111,0.701649158494547,10039.0830078125,0.2866170000000002,0.5611398367881775,10038.685546875,0.0,0.9155188769102096,10038.685546875,0.0,0.808671875,0.80754,0.6998,0.0,7.678265,11.570823,0.0,2022-10-31 19:50:31.537016,0.0
112,0.6972707784734666,9987.9296875,0.2991509999999999,0.548028982102871,9987.5341796875,0.0,0.9183080220222473,9987.5341796875,0.0,0.816171875,0.81222,0.7022,0.0,7.646511,11.583228,0.0,2022-10-31 19:50:50.767039,0.0
113,0.6616185640450567,9937.044921875,0.3062610000000001,0.5268142268657684,9936.646484375,0.0,0.8966948825120926,9936.646484375,0.0,0.822265625,0.82164,0.7091,0.0,7.538044,11.589099,0.0,2022-10-31 19:51:09.894466,0.0
114,0.6808711322955787,9886.4189453125,0.30403499999999994,0.5234366963505745,9886.021484375,0.0,0.9047711700201034,9886.021484375,0.0,0.819140625,0.82158,0.7106,0.0,7.672315,11.5851,0.0,2022-10-31 19:51:29.152217,0.0
115,0.6680000270716846,9836.0537109375,0.286132,0.5136627138853073,9835.66015625,0.0,0.9077826011180877,9835.66015625,0.0,0.82203125,0.82412,0.7093,0.0,7.663032,11.5784,0.0,2022-10-31 19:51:48.393937,0.0
116,0.665326856309548,9785.943359375,0.2896689999999999,0.5100501923561096,9785.552734375,0.0,0.9027516382932663,9785.552734375,0.0,0.82703125,0.82602,0.7102,0.0,7.749343,11.584869,0.0,2022-10-31 19:52:07.728431,0.0
117,0.6697731104213744,9736.09375,0.2785330000000002,0.4974308216571808,9735.7041015625,0.0,0.8802198046445846,9735.7041015625,0.0,0.83234375,0.8317,0.7108,0.0,7.627965,11.575274,0.0,2022-10-31 19:52:26.931957,0.0
118,0.6519164936617017,9686.4931640625,0.28068700000000013,0.48832962608337405,9686.109375,0.0,0.8880735951662063,9686.109375,0.0,0.836875,0.83528,0.7111,0.0,7.656921,11.567788,0.0,2022-10-31 19:52:46.156982,0.0
119,0.6696290078107268,9637.1513671875,0.31243899999999997,0.5360811113715171,9636.7666015625,0.0,0.9212496149539947,9636.7666015625,0.0,0.82359375,0.81696,0.7006,0.0,7.383541,11.606533,0.0,2022-10-31 19:53:05.147337,0.0
120,0.6561793447472155,9588.060546875,0.3044840000000001,0.5275124347209931,9587.67578125,0.0,0.9344082355499268,9587.67578125,0.0,0.821875,0.81952,0.6975,0.0,7.351152,11.552589,0.0,2022-10-31 19:53:24.051351,0.0
121,0.6334872136358172,9539.2177734375,0.2946889999999999,0.45910268971323964,9538.8369140625,0.0,0.8703447413444519,9538.8369140625,0.0,0.8465625,0.84546,0.7204,0.0,7.189459,11.541775,0.0,2022-10-31 19:53:42.782877,0.0
122,0.6445171826053411,9490.62890625,0.3455870000000001,0.4732119600772858,9490.2490234375,0.0,0.8726224398612976,9490.2490234375,0.0,0.84234375,0.84066,0.7146,0.0,7.141064,11.56791,0.0,2022-10-31 19:54:01.492151,0.0
123,0.6279038568027318,9442.2890625,0.345213,0.45604931443929675,9441.912109375,0.0,0.8730060547590256,9441.912109375,0.0,0.850078125,0.8488,0.7126,0.0,7.043314,11.547691,0.0,2022-10-31 19:54:20.083431,0.0
124,0.636303661391139,9394.1962890625,0.34312600000000004,0.4581800458431244,9393.8232421875,0.0,0.9005281853675843,9393.8232421875,0.0,0.841171875,0.84326,0.7082,0.0,7.015392,11.566155,0.0,2022-10-31 19:54:38.665282,0.0
125,0.6197792228776962,9346.353515625,0.293037,0.4518078601360321,9345.9833984375,0.0,0.8852015799283981,9345.9833984375,0.0,0.84296875,0.85054,0.7119,0.0,7.560664,11.579032,0.0,2022-10-31 19:54:57.805262,0.0
126,0.6072783826384693,9298.7548828125,0.29503499999999994,0.4293880070447922,9298.38671875,0.0,0.8556401979923248,9298.38671875,0.0,0.856328125,0.85662,0.717,0.0,7.682386,11.57705,0.0,2022-10-31 19:55:17.064975,0.0
127,0.6087029902264476,9251.40234375,0.27908599999999983,0.4378627324402332,9251.0341796875,0.0,0.8814272171258927,9251.0341796875,0.0,0.851796875,0.8526,0.7165,0.0,7.687231,11.572471,0.0,2022-10-31 19:55:36.324971,0.0
128,0.6063300427049398,9204.294921875,0.49922100000000014,0.4677866141796112,9203.9287109375,0.0,0.8976241570711135,9203.9287109375,0.0,0.83984375,0.83984,0.7089,0.0,6.516789,11.568663,0.0,2022-10-31 19:55:54.410689,0.0
129,0.611276407726109,9157.4287109375,0.594655,0.4426689719557762,9157.0634765625,0.0,0.8915373921394348,9157.0634765625,0.0,0.84640625,0.85004,0.7138,0.0,6.366098,11.576198,0.0,2022-10-31 19:56:12.353276,0.0
130,0.5928579494357109,9110.7919921875,0.282974,0.4264756792783737,9110.4296875,0.0,0.8780258804559707,9110.4296875,0.0,0.8553125,0.85716,0.7157,0.0,7.632477,11.708709,0.0,2022-10-31 19:56:31.694740,0.0
131,0.5901585021056235,9064.408203125,0.28344099999999994,0.435672042042017,9064.0458984375,0.0,0.893300409913063,9064.0458984375,0.0,0.858125,0.85358,0.7173,0.0,7.733398,11.552625,0.0,2022-10-31 19:56:50.981046,0.0
132,0.5759137361310422,9018.2548828125,0.27968099999999996,0.42894675555825235,9017.890625,0.0,0.9032068002223969,9017.890625,0.0,0.853671875,0.85634,0.7141,0.0,7.7137,11.549573,0.0,2022-10-31 19:57:10.244583,0.0
133,0.5789031668100506,8972.3369140625,0.2995190000000001,0.4169053124189377,8971.9794921875,0.0,0.8914239579439163,8971.9794921875,0.0,0.857109375,0.85994,0.7176,0.0,7.734677,11.592983,0.0,2022-10-31 19:57:29.572513,0.0
134,0.5790861253626645,8926.6552734375,0.300638,0.45827258259058,8926.302734375,0.0,0.9382956677675247,8926.302734375,0.0,0.8425,0.84276,0.7002,0.0,7.75093,11.581632,0.0,2022-10-31 19:57:48.905356,0.0
135,0.5595469274558127,8881.2099609375,0.32475699999999996,0.391619453638792,8880.85546875,0.0,0.871355642080307,8880.85546875,0.0,0.871328125,0.8704,0.7245,0.0,7.285341,11.577683,0.0,2022-10-31 19:58:07.768660,0.0
136,0.5746649669017643,8835.9931640625,0.2712590000000001,0.40959722885489463,8835.6416015625,0.0,0.8848629963397979,8835.6416015625,0.0,0.863046875,0.86358,0.7172,0.0,7.540795,11.565774,0.0,2022-10-31 19:58:26.875529,0.0
137,0.5632826706860214,8791.0126953125,0.32383200000000006,0.4211128443479538,8790.6630859375,0.0,0.9157805240154266,8790.6630859375,0.0,0.858046875,0.85812,0.7124,0.0,7.521036,11.531802,0.0,2022-10-31 19:58:45.928651,0.0
138,0.5527465606573969,8746.2607421875,0.2952639999999997,0.4005552106499672,8745.912109375,0.0,0.8988608002662659,8745.912109375,0.0,0.866484375,0.86616,0.7168,0.0,7.685912,11.57002,0.0,2022-10-31 19:59:05.184875,0.0
139,0.5597885181196034,8701.7392578125,0.2855569999999999,0.43270083594322206,8701.3935546875,0.0,0.941840707063675,8701.3935546875,0.0,0.850234375,0.84936,0.7023,0.0,7.624487,11.548674,0.0,2022-10-31 19:59:24.358337,0.0
140,0.5465709406416863,8657.4462890625,0.3021580000000001,0.39662311869859695,8657.1015625,0.0,0.910829803943634,8657.1015625,0.0,0.870859375,0.86892,0.7165,0.0,7.66289,11.527316,0.0,2022-10-31 19:59:43.548827,0.0
141,0.5476329885423183,8613.380859375,0.2888810000000001,0.37881708827614785,8613.037109375,0.0,0.9011990159749985,8613.037109375,0.0,0.87203125,0.8728,0.7208,0.0,7.63199,11.53106,0.0,2022-10-31 20:00:02.712173,0.0
142,0.5514428664464504,8569.5380859375,0.30593200000000004,0.4263998966217041,8569.1943359375,0.0,0.9628292852640152,8569.1943359375,0.0,0.853359375,0.85668,0.7082,0.0,7.6612,11.566408,0.0,2022-10-31 20:00:21.940068,0.0
143,0.5346130549442023,8525.9296875,0.33662600000000004,0.38438771629333496,8525.5888671875,0.0,0.9105494874715805,8525.5888671875,0.0,0.867734375,0.87038,0.7141,0.0,7.122198,11.658297,0.0,2022-10-31 20:00:40.720853,0.0
144,0.5490276822820306,8482.546875,0.29007099999999975,0.36635207605361936,8482.20703125,0.0,0.8743174463510514,8482.20703125,0.0,0.878046875,0.8787,0.7219,0.0,7.608205,11.5578,0.0,2022-10-31 20:00:59.887180,0.0
145,0.5245002892334014,8439.3818359375,0.29419900000000015,0.3971031889617443,8439.0458984375,0.0,0.9325509268045425,8439.0458984375,0.0,0.863828125,0.86578,0.7139,0.0,7.705447,11.604575,0.0,2022-10-31 20:01:19.197491,0.0
146,0.5108556353952736,8396.4306640625,0.30302100000000015,0.35641475102305414,8396.095703125,0.0,0.8930455243587494,8396.095703125,0.0,0.88140625,0.8809,0.7268,0.0,7.376318,11.535525,0.0,2022-10-31 20:01:38.109600,0.0
147,0.5110213649459183,8353.7021484375,0.29032,0.3453267116546631,8353.3701171875,0.0,0.8947311675548554,8353.3701171875,0.0,0.8828125,0.88588,0.7182,0.0,7.333197,11.585368,0.0,2022-10-31 20:01:57.028446,0.0
148,0.5224688549060374,8311.193359375,0.29308900000000004,0.33160342106223106,8310.861328125,0.0,0.8970804208517075,8310.861328125,0.0,0.890234375,0.89076,0.7228,0.0,7.531127,11.57859,0.0,2022-10-31 20:02:16.138465,0.0
149,0.4855072370264679,8268.904296875,0.30445999999999995,0.34726868972182273,8268.5751953125,0.0,0.904586763381958,8268.5751953125,0.0,0.882421875,0.88316,0.7203,0.0,7.52897,11.575886,0.0,2022-10-31 20:02:35.243597,0.0
150,0.5045560610014945,8226.83203125,0.29925300000000005,0.34763509553670885,8226.50390625,0.0,0.9192652541399002,8226.50390625,0.0,0.8871875,0.88372,0.7236,0.0,7.446995,11.650668,0.0,2022-10-31 20:02:54.341548,0.0
151,0.49858184508048,8184.974609375,0.2940079999999998,0.32840351659059525,8184.6455078125,0.0,0.8899499917030335,8184.6455078125,0.0,0.883046875,0.88956,0.7212,0.0,7.564015,11.582804,0.0,2022-10-31 20:03:13.488628,0.0
152,0.48531887773424387,8143.3349609375,0.300731,0.31794207826256754,8143.01025390625,0.0,0.891110577583313,8143.01025390625,0.0,0.894765625,0.894,0.7258,0.0,7.690435,11.581985,0.0,2022-10-31 20:03:32.761387,0.0
153,0.4781805055681616,8101.90234375,0.2801359999999999,0.3426921691596508,8101.578125,0.0,0.9354362225532532,8101.578125,0.0,0.88765625,0.8839,0.7177,0.0,7.550166,11.57409,0.0,2022-10-31 20:03:51.885960,0.0
154,0.49339803867042065,8060.68603515625,0.61217,0.3836302253007889,8060.36767578125,0.0,0.9555320239067078,8060.36767578125,0.0,0.869921875,0.86884,0.7086,0.0,6.235816,11.544838,0.0,2022-10-31 20:04:09.666877,0.0
155,0.4789635050110519,8019.67529296875,0.3043439999999999,0.35230695459246636,8019.3564453125,0.0,0.925422250032425,8019.3564453125,0.0,0.87890625,0.8799,0.7179,0.0,7.598689,11.554605,0.0,2022-10-31 20:04:28.820451,0.0
156,0.4757813911419362,7978.88232421875,0.289245,0.32730773440003397,7978.5654296875,0.0,0.927570498585701,7978.5654296875,0.0,0.890234375,0.89126,0.7159,0.0,7.580131,11.58124,0.0,2022-10-31 20:04:47.982114,0.0
157,0.4821689664386213,7938.29931640625,0.29001399999999994,0.3510956073999405,7937.98291015625,0.0,0.9295270282030106,7937.98291015625,0.0,0.882578125,0.88266,0.7153,0.0,7.752834,11.560143,0.0,2022-10-31 20:05:07.295377,0.0
158,0.4632906601764262,7897.91748046875,0.2940269999999998,0.31977613708376884,7897.60400390625,0.0,0.8879794996976852,7897.60400390625,0.0,0.891953125,0.8939,0.7261,0.0,7.621369,11.566427,0.0,2022-10-31 20:05:26.483496,0.0
159,0.46841929433867335,7857.74365234375,0.299976,0.3334886784851551,7857.4296875,0.0,0.9290501165390015,7857.4296875,0.0,0.889765625,0.88966,0.716,0.0,7.679497,11.533056,0.0,2022-10-31 20:05:45.696350,0.0
160,0.46663928928319365,7817.78466796875,0.281256,0.3397726909220219,7817.47412109375,0.0,0.9497342056035996,7817.47412109375,0.0,0.88640625,0.88586,0.711,0.0,7.575042,11.793578,0.0,2022-10-31 20:06:05.065266,0.0
161,0.464986692648381,7778.02099609375,0.290788,0.27737435880303385,7777.71142578125,0.0,0.8878582036495208,7777.71142578125,0.0,0.905625,0.90862,0.73,0.0,7.726583,11.582563,0.0,2022-10-31 20:06:24.374710,0.0
162,0.4397529516136274,7738.45947265625,0.2952900000000001,0.2970872349739075,7738.15185546875,0.0,0.9060723572969437,7738.15185546875,0.0,0.89625,0.90014,0.7208,0.0,7.740746,11.572517,0.0,2022-10-31 20:06:43.688275,0.0
163,0.44852378917858005,7699.10986328125,0.29319199999999995,0.28546817119419576,7698.80078125,0.0,0.9045122671127319,7698.80078125,0.0,0.906796875,0.90372,0.723,0.0,7.561295,11.58123,0.0,2022-10-31 20:07:02.831074,0.0
164,0.4453760706819594,7659.95947265625,0.2856499999999999,0.2685979141741991,7659.65380859375,0.0,0.8754586774110794,7659.65380859375,0.0,0.91421875,0.91236,0.7319,0.0,7.554741,11.547079,0.0,2022-10-31 20:07:21.933169,0.0
165,0.4293687016470358,7621.013671875,0.28177099999999977,0.3154610703587532,7620.708984375,0.0,0.959818713068962,7620.708984375,0.0,0.8953125,0.89516,0.7202,0.0,7.610904,11.545896,0.0,2022-10-31 20:07:41.090252,0.0
166,0.4233465085271746,7582.259765625,0.35945300000000024,0.29147245836257935,7581.9580078125,0.0,0.9201127523183823,7581.9580078125,0.0,0.905546875,0.9026,0.7248,0.0,7.105052,11.568033,0.0,2022-10-31 20:07:59.763629,0.0
167,0.41655936604365706,7543.70263671875,0.30845700000000004,0.2693223529756069,7543.4013671875,0.0,0.904044429063797,7543.4013671875,0.0,0.913046875,0.9112,0.7243,0.0,7.595973,11.572432,0.0,2022-10-31 20:08:18.932313,0.0
168,0.43706349411513656,7505.353515625,0.28303000000000017,0.2702049994915724,7505.056640625,0.0,0.8721585285663604,7505.056640625,0.0,0.911484375,0.9098,0.7264,0.0,7.458315,11.586264,0.0,2022-10-31 20:08:37.977170,0.0
169,0.421140298480168,7467.19921875,0.33745099999999995,0.3004822190105915,7466.90283203125,0.0,0.9818687021732331,7466.90283203125,0.0,0.8984375,0.89564,0.7134,0.0,7.170096,11.567542,0.0,2022-10-31 20:08:56.715072,0.0
170,0.4216660652309656,7429.23291015625,0.298741,0.2688779222965241,7428.9375,0.0,0.9196724784374237,7428.9375,0.0,0.912109375,0.91116,0.7254,0.0,7.292415,11.536808,0.0,2022-10-31 20:09:15.544577,0.0
171,0.4139625814277679,7391.46484375,0.281487,0.2433965936601162,7391.17041015625,0.0,0.9076047176122666,7391.17041015625,0.0,0.922734375,0.92192,0.7287,0.0,7.435048,11.540298,0.0,2022-10-31 20:09:34.520210,0.0
172,0.4043200935702771,7353.9013671875,0.285832,0.26201820562779904,7353.60791015625,0.0,0.9317230182886124,7353.60791015625,0.0,0.913359375,0.91412,0.7275,0.0,7.451334,11.541323,0.0,2022-10-31 20:09:53.513148,0.0
173,0.40332261088769883,7316.51953125,0.29483700000000024,0.2294297413378954,7316.228515625,0.0,0.9042950743436813,7316.228515625,0.0,0.922734375,0.92578,0.7336,0.0,7.642292,11.539452,0.0,2022-10-31 20:10:12.695179,0.0
174,0.3870229694293812,7279.32421875,0.2918139999999999,0.24338404054939747,7279.0361328125,0.0,0.9238438153266907,7279.0361328125,0.0,0.9171875,0.91806,0.7285,0.0,7.616834,11.551042,0.0,2022-10-31 20:10:31.863358,0.0
175,0.40276284248102456,7242.322265625,0.27941699999999997,0.2959893336445093,7242.0322265625,0.0,0.9673197972774505,7242.0322265625,0.0,0.898828125,0.89902,0.7137,0.0,7.591533,11.552622,0.0,2022-10-31 20:10:51.007805,0.0
176,0.3992810259805992,7205.513671875,0.3026540000000001,0.2350086420327425,7205.22509765625,0.0,0.9206309008598328,7205.22509765625,0.0,0.925859375,0.92316,0.7295,0.0,7.398826,11.540373,0.0,2022-10-31 20:11:09.947280,0.0
177,0.37696754990611225,7168.888671875,0.292759,0.24293765637278558,7168.6044921875,0.0,0.967661155462265,7168.6044921875,0.0,0.92078125,0.92038,0.7282,0.0,7.248488,11.564021,0.0,2022-10-31 20:11:28.760085,0.0
178,0.3804111680947244,7132.4599609375,0.2880999999999998,0.25477498434484,7132.17431640625,0.0,0.9581342351436615,7132.17431640625,0.0,0.911484375,0.9142,0.7215,0.0,7.549125,11.562489,0.0,2022-10-31 20:11:47.871963,0.0
179,0.3742201600689441,7096.21630859375,0.283982,0.22258218951523304,7095.93359375,0.0,0.9250240558385849,7095.93359375,0.0,0.927890625,0.92746,0.7333,0.0,7.631408,11.584232,0.0,2022-10-31 20:12:07.087875,0.0
180,0.3750393732916564,7060.1533203125,0.28930100000000003,0.2306892526447773,7059.87353515625,0.0,0.9093903601169586,7059.87353515625,0.0,0.924453125,0.92646,0.7277,0.0,7.640347,11.583047,0.0,2022-10-31 20:12:26.311549,0.0
181,0.38959692290518433,7024.27392578125,0.28520200000000007,0.2065198296904564,7023.99462890625,0.0,0.9140968376398086,7023.99462890625,0.0,0.93421875,0.93406,0.7322,0.0,7.741239,11.530428,0.0,2022-10-31 20:12:45.583492,0.0
182,0.3726942678913474,6988.58251953125,0.36869100000000005,0.21397232022881507,6988.30517578125,0.0,0.934890216588974,6988.30517578125,0.0,0.931328125,0.92968,0.7264,0.0,6.940636,11.543658,0.0,2022-10-31 20:13:04.068069,0.0
183,0.3599877341184765,6953.078125,0.308529,0.25104623651504515,6952.79833984375,0.0,0.9727380853891373,6952.79833984375,0.0,0.915390625,0.91702,0.7188,0.0,7.405689,11.519234,0.0,2022-10-31 20:13:22.993258,0.0
184,0.36651864915620536,6917.74560546875,0.3010850000000001,0.2548996910750866,6917.4736328125,0.0,0.971523312330246,6917.4736328125,0.0,0.911875,0.91632,0.7153,0.0,7.663116,11.572005,0.0,2022-10-31 20:13:42.228668,0.0
185,0.35744794621132314,6882.607421875,0.28811,0.20979885657131672,6882.333984375,0.0,0.9078942257165908,6882.333984375,0.0,0.93125,0.92952,0.7315,0.0,7.638308,11.594692,0.0,2022-10-31 20:14:01.461966,0.0
186,0.35028878133744,6847.6298828125,0.28498499999999993,0.1955440974533558,6847.3583984375,0.0,0.9247895520925522,6847.3583984375,0.0,0.939609375,0.9379,0.7301,0.0,7.543077,11.527015,0.0,2022-10-31 20:14:20.532356,0.0
187,0.3497554763453081,6812.849609375,0.27901800000000015,0.20003982019424438,6812.5791015625,0.0,0.9551401770114899,6812.5791015625,0.0,0.934140625,0.9355,0.7306,0.0,7.468442,11.547807,0.0,2022-10-31 20:14:39.548886,0.0
188,0.35244891443289816,6778.23876953125,0.27603399999999995,0.19697364626824856,6777.96826171875,0.0,0.9710111236572265,6777.96826171875,0.0,0.936015625,0.93682,0.7271,0.0,7.472246,11.525546,0.0,2022-10-31 20:14:58.546957,0.0
189,0.3433879950316623,6743.81103515625,0.339657,0.21292153288424015,6743.54345703125,0.0,0.9516026043891906,6743.54345703125,0.0,0.931875,0.93166,0.7276,0.0,7.332404,11.528578,0.0,2022-10-31 20:15:17.408259,0.0
190,0.3448892451124266,6709.55322265625,0.2916359999999998,0.19149184842407704,6709.2841796875,0.0,0.9397771483659745,6709.2841796875,0.0,0.936484375,0.93694,0.7244,0.0,7.754631,11.555783,0.0,2022-10-31 20:15:36.718962,0.0
191,0.3374921705108136,6675.47607421875,0.298423,0.18074836540967226,6675.2099609375,0.0,0.9442052745819092,6675.2099609375,0.0,0.945078125,0.94262,0.7288,0.0,7.651849,11.574643,0.0,2022-10-31 20:15:55.945799,0.0
192,0.33901588106527925,6641.568359375,0.31662800000000013,0.21426415532827378,6641.30419921875,0.0,0.9719141924381256,6641.30419921875,0.0,0.925703125,0.92816,0.7238,0.0,7.708757,11.61519,0.0,2022-10-31 20:16:15.270019,0.0
193,0.32221591274719685,6607.8359375,0.28697899999999993,0.16570190285146236,6607.572265625,0.0,0.9354944652318955,6607.572265625,0.0,0.948203125,0.94754,0.7313,0.0,7.599519,11.564379,0.0,2022-10-31 20:16:34.434209,0.0
194,0.33837489364668727,6574.27978515625,0.2869119999999999,0.2057383971810341,6574.02099609375,0.0,0.9602385306358338,6574.02099609375,0.0,0.931796875,0.93192,0.721,0.0,7.571632,11.573681,0.0,2022-10-31 20:16:53.579798,0.0
195,0.3214124694932252,6540.88818359375,0.3096800000000002,0.17320181746780872,6540.626953125,0.0,0.9544345641136169,6540.626953125,0.0,0.94390625,0.94422,0.7286,0.0,7.640784,11.567107,0.0,2022-10-31 20:17:12.788004,0.0
196,0.3232088965596631,6507.666015625,0.2907390000000001,0.18563578114658594,6507.40576171875,0.0,0.9803993678092957,6507.40576171875,0.0,0.9415625,0.93956,0.7241,0.0,7.728825,11.549335,0.0,2022-10-31 20:17:32.066439,0.0
197,0.32333535293582827,6474.6171875,0.2916750000000001,0.1694740951284766,6474.35986328125,0.0,0.9653260713815689,6474.35986328125,0.0,0.946484375,0.94568,0.7287,0.0,7.785062,11.585457,0.0,2022-10-31 20:17:51.437240,0.0
198,0.3063290545833297,6441.7421875,0.287212,0.15793678743392228,6441.48388671875,0.0,0.9734843361377716,6441.48388671875,0.0,0.949140625,0.94884,0.7293,0.0,7.528098,11.534037,0.0,2022-10-31 20:18:10.499682,0.0
199,0.3140859674895182,6409.0341796875,0.29408000000000006,0.1729480982348323,6408.7802734375,0.0,0.9779558491706848,6408.7802734375,0.0,0.9440625,0.94372,0.73,0.0,7.356443,11.537042,0.0,2022-10-31 20:18:29.393454,0.0
200,0.3117911567678675,6376.4990234375,0.2786640000000002,0.1866221898049116,6376.24462890625,0.0,0.9980417531728745,6376.24462890625,0.0,0.94234375,0.9389,0.7214,0.0,7.564772,11.550501,0.0,2022-10-31 20:18:48.509006,0.0
