epoch,train_loss,train_l2_loss,train_excange_proc,val_loss,val_l2_loss,val_excange_proc,test_loss,test_l2_loss,test_excange_proc,train_acc,val_acc,test_acc,diff,train_proc,eval_proc,comm_proc,timestamp,sleep_proc
1,2.4857748842239378,14517.671875,22.366335,2.3302196216583253,14514.94140625,0.0,2.329745764732361,14514.94140625,0.0,0.1993,0.14488,0.1448,0.0016002374468371272,27.511147,11.665329,18.32107448577881,2022-11-02 16:29:58.901433,0.0
2,2.3100126671791075,15504.5869140625,16.910309999999996,2.236790586948395,15503.6337890625,0.0,2.2323565435409547,15503.6337890625,0.0,0.2313,0.16384,0.1668,1.4021938113728538e-05,21.479222,11.375672,13.168898582458496,2022-11-02 16:30:34.079308,0.0
3,2.3229266214370727,15565.4404296875,18.736430000000002,2.2491762943267823,15564.0341796875,0.0,2.2490721201896666,15564.0341796875,0.0,0.2544,0.19622,0.1945,6.342754659272032e-06,23.664721,11.60163,14.704623699188232,2022-11-02 16:31:11.678044,0.0
4,2.228045606613159,15527.6904296875,20.287409000000007,2.239620027780533,15527.50390625,0.0,2.2323934507369994,15527.50390625,0.0,0.2265,0.15118,0.1522,7.638364536433073e-07,25.203438,11.341542,16.403676748275757,2022-11-02 16:31:49.967452,0.0
5,2.2313920736312864,15525.7880859375,19.967518000000005,2.13855415391922,15525.783203125,0.0,2.136715587377548,15525.783203125,0.0,0.2495,0.19002,0.1886,4.925447569803509e-07,24.315006,11.644615,16.231523275375366,2022-11-02 16:32:27.932463,0.0
6,2.182683826684952,15467.611328125,21.391783000000004,2.115225197792053,15467.05078125,0.0,2.1197085213661193,15467.05078125,0.0,0.2665,0.25102,0.2496,2.4991726377265877e-07,26.626711,11.331146,17.30456852912903,2022-11-02 16:33:07.174536,0.0
7,2.116472752094269,15453.73046875,17.894287999999992,1.9953316152095795,15453.7216796875,0.0,1.9921255445480346,15453.7216796875,0.0,0.3185,0.25658,0.2672,3.6718361684506817e-07,22.699445,11.587941,14.105706930160522,2022-11-02 16:33:42.678548,0.0
8,2.04602859377861,15407.9482421875,19.056897000000003,1.949798255443573,15407.4833984375,0.0,1.942183598279953,15407.4833984375,0.0,0.3124,0.25586,0.2656,7.575039830953756e-07,24.016727,11.613527,15.12656044960022,2022-11-02 16:34:20.294461,0.0
9,1.9837639808654786,15372.2021484375,16.910481000000004,2.0053925178050993,15372.1845703125,0.0,1.9991249132156372,15372.1845703125,0.0,0.2626,0.26186,0.2625,6.063582418391888e-07,21.420968,11.351221,13.152593612670898,2022-11-02 16:34:55.412215,0.0
10,1.9996942937374116,15377.5458984375,18.998969000000002,2.015496315002441,15376.578125,0.0,2.0083168375492098,15376.578125,0.0,0.3219,0.2266,0.2308,6.398076948244125e-07,23.878112,11.687708,15.0999596118927,2022-11-02 16:35:31.877364,0.0
11,1.9478063118457793,15330.0361328125,19.334246,1.9756644134521484,15329.6025390625,0.0,1.9657261979579925,15329.6025390625,0.0,0.346,0.2526,0.2541,4.613085309301823e-07,24.21119,11.465476,15.290792465209961,2022-11-02 16:36:08.765488,0.0
12,1.9984835243225099,15319.669921875,19.957171999999993,1.973302415370941,15319.6630859375,0.0,1.9701219046115874,15319.6630859375,0.0,0.3333,0.29534,0.2936,4.934100275022502e-07,24.464357,11.78586,16.210801124572754,2022-11-02 16:36:46.611963,0.0
13,1.9474269807338715,15268.197265625,21.827132000000006,1.7769243667125703,15267.6689453125,0.0,1.769324610233307,15267.6689453125,0.0,0.3711,0.34868,0.3566,4.027664886052662e-07,26.762079,11.565261,17.8842933177948,2022-11-02 16:37:26.258648,0.0
14,1.8781703066825868,15249.9443359375,17.386649000000002,1.7893027925491334,15249.9345703125,0.0,1.7801116061210633,15249.9345703125,0.0,0.3496,0.32594,0.3288,8.114764113997808e-07,22.064357,11.484382,13.601337432861328,2022-11-02 16:38:01.071943,0.0
15,1.8597205758094788,15211.5625,19.37254499999999,1.7879356906414032,15211.0419921875,0.0,1.7816776895523072,15211.0419921875,0.0,0.3785,0.34366,0.3489,9.895327366393758e-07,24.49093,11.755411,15.395945310592651,2022-11-02 16:38:38.764133,0.0
16,1.8049879324436189,15174.4453125,17.419344000000002,1.758000727891922,15174.408203125,0.0,1.7559623539447784,15174.408203125,0.0,0.382,0.35574,0.3616,6.884856134092843e-07,22.20357,11.458199,13.673931360244751,2022-11-02 16:39:13.920412,0.0
17,1.8404154622554778,15176.9951171875,18.572608999999996,1.7329539244174956,15177.998046875,0.0,1.729461680650711,15177.998046875,0.0,0.3504,0.364,0.3625,1.259346959159302e-06,23.389216,11.82628,14.726977348327637,2022-11-02 16:39:50.167161,0.0
18,1.7592900848388673,15126.4970703125,19.314413000000002,1.9775239098072053,15125.8232421875,0.0,1.9798119616508485,15125.8232421875,0.0,0.3866,0.33264,0.3313,7.963608368299901e-07,23.975277,11.563229,15.526472568511963,2022-11-02 16:40:26.954052,0.0
19,1.7775442063808442,15113.7958984375,19.81793499999999,1.7702643921375274,15113.8212890625,0.0,1.7680494499206543,15113.8212890625,0.0,0.4214,0.36194,0.3657,3.644726120910491e-07,24.427202,11.625991,16.115506410598755,2022-11-02 16:41:04.070850,0.0
20,1.80439471244812,15075.60546875,18.789013999999995,1.6305482523441315,15075.029296875,0.0,1.628045278787613,15075.029296875,0.0,0.43,0.4024,0.4053,5.924395622969314e-07,23.77362,11.795916,14.803254842758179,2022-11-02 16:41:40.927459,0.0
21,1.7217469215393066,15038.708984375,15.841292,1.7374701931476593,15038.595703125,0.0,1.739587401151657,15038.595703125,0.0,0.4406,0.38266,0.3821,9.231942499354773e-07,20.563874,11.629133,12.103964805603027,2022-11-02 16:42:14.627761,0.0
22,1.7669057321548463,15020.287109375,18.612437999999994,1.7137713983058929,15020.0673828125,0.0,1.7104896700382233,15020.0673828125,0.0,0.4111,0.36728,0.3671,8.483611964038573e-07,23.407728,11.823416,14.74065351486206,2022-11-02 16:42:51.353540,0.0
23,1.7345971262454987,14980.9501953125,16.471583,1.7370826222896576,14980.1044921875,0.0,1.7357806646823883,14980.1044921875,0.0,0.4524,0.37132,0.3732,5.827780569234164e-07,21.019543,11.679329,12.772191524505615,2022-11-02 16:43:25.175878,0.0
24,1.725137392282486,14972.2080078125,18.103546000000005,1.6141192932128907,14971.9140625,0.0,1.6164442908763885,14971.9140625,0.0,0.4439,0.41194,0.4076,5.333895387593657e-07,22.87044,11.817789,14.342325687408447,2022-11-02 16:44:00.892339,0.0
25,1.6719655096530914,14947.298828125,17.536352000000008,1.730224244117737,14946.5625,0.0,1.7286848723888397,14946.5625,0.0,0.4427,0.35798,0.3592,7.067146157169191e-07,22.661147,11.8395,13.538511514663696,2022-11-02 16:44:37.241110,0.0
26,1.6694840621948241,14924.6669921875,16.357569000000005,1.6931270966529846,14924.5078125,0.0,1.6888155817985535,14924.5078125,0.0,0.4545,0.38264,0.3853,9.798154678719584e-07,20.858865,11.661462,12.66388463973999,2022-11-02 16:45:11.884093,0.0
27,1.6834816455841064,14901.373046875,18.582729000000008,1.6534037656784057,14900.9609375,0.0,1.6588568234443664,14900.9609375,0.0,0.4431,0.40254,0.4013,7.593038731101842e-07,23.350064,11.942799,14.701727867126465,2022-11-02 16:45:48.176409,0.0
28,1.6444882988929748,14876.30078125,18.409778,1.7399527904987335,14875.767578125,0.0,1.7385141909122468,14875.767578125,0.0,0.4483,0.37024,0.3697,7.605498240081943e-07,23.224555,11.712336,14.606096506118774,2022-11-02 16:46:24.705252,0.0
29,1.642414118051529,14865.7978515625,19.45895899999999,1.6231403913497924,14865.5888671875,0.0,1.6218987476825715,14865.5888671875,0.0,0.4475,0.40718,0.4054,7.67726419326209e-07,24.10908,11.86318,15.720203638076782,2022-11-02 16:47:02.467146,0.0
30,1.655713721513748,14831.1962890625,18.772387999999985,1.5593033938407899,14830.439453125,0.0,1.5626744472980498,14830.439453125,0.0,0.4719,0.43362,0.4367,6.591913574993669e-07,23.632991,11.637673,14.9525306224823,2022-11-02 16:47:39.151934,0.0
31,1.623680934906006,14815.6962890625,18.17374,1.6194268789291382,14815.787109375,0.0,1.623894101381302,14815.787109375,0.0,0.4387,0.4006,0.4014,2.180126190185547,22.536861,11.785922,14.507917642593384,2022-11-02 16:48:14.598134,0.0
32,1.6971558713912964,12174.8349609375,16.161291,1.5345932359695436,12306.2021484375,0.0,1.5353591799736024,12306.2021484375,0.0,0.4799,0.4488,0.4453,0.0008113968651741743,21.054642,11.891573,12.265244722366333,2022-11-02 16:48:49.901131,0.0
33,1.5420815539360047,12095.6552734375,16.314870000000006,1.6355577459335326,12095.9638671875,0.0,1.6452670300006866,12095.9638671875,0.0,0.4853,0.41644,0.4081,0.00017327512614428997,21.120604,11.681958,12.544580221176147,2022-11-02 16:49:24.443466,0.0
34,1.580338476896286,11747.3076171875,16.408692000000006,1.6008679401874542,11754.4423828125,0.0,1.6037858092784882,11754.4423828125,0.0,0.4531,0.419,0.419,1.5018223393781227e-06,21.027874,11.843321,12.6836519241333,2022-11-02 16:49:58.401030,0.0
35,1.550017238855362,11689.369140625,17.809877999999994,1.536007381439209,11689.0615234375,0.0,1.5375301766395568,11689.0615234375,0.0,0.4904,0.44336,0.4436,8.857879265633528e-07,22.629522,11.493861,13.885655879974365,2022-11-02 16:50:33.684240,0.0
36,1.5290925312042236,11676.0478515625,17.37251100000001,1.6002587954998015,11676.037109375,0.0,1.5987337446212768,11676.037109375,0.0,0.4713,0.42148,0.422,4.419628965024458e-07,22.049014,11.739818,13.577477931976318,2022-11-02 16:51:09.193517,0.0
37,1.547845996618271,11644.787109375,17.814711,1.5804935421943664,11644.66796875,0.0,1.5820851421356201,11644.66796875,0.0,0.4629,0.43168,0.427,5.229674684414931e-07,22.655306,11.826755,13.805063962936401,2022-11-02 16:51:44.992990,0.0
38,1.5268371021747589,11630.7529296875,16.324841999999997,1.6025549325942994,11630.744140625,0.0,1.6013990437984467,11630.744140625,0.0,0.493,0.41546,0.4124,8.757658065405849e-07,20.732827,11.567992,12.630186319351196,2022-11-02 16:52:19.635864,0.0
39,1.5542471051216125,11626.986328125,17.527519000000005,1.5106560077667237,11626.53515625,0.0,1.5171850562095641,11626.53515625,0.0,0.4959,0.45016,0.4514,4.206723076549679e-07,22.184455,11.878471,13.722634315490723,2022-11-02 16:52:55.979137,0.0
40,1.5335386300086975,11590.349609375,18.274813000000005,1.6123707058429717,11590.306640625,0.0,1.6201093363761903,11590.306640625,0.0,0.4749,0.4164,0.4111,1.225818891725794e-06,23.154245,11.660807,14.343591451644897,2022-11-02 16:53:32.137750,0.0
41,1.5271048069000244,11584.2021484375,18.934506000000003,1.6530670187473298,11584.1982421875,0.0,1.6552375662326813,11584.1982421875,0.0,0.4672,0.40244,0.3971,5.628527901535563e-07,23.463293,11.849648,15.171308040618896,2022-11-02 16:54:08.715842,0.0
42,1.5274778699874878,11547.2412109375,19.213833,1.489915762424469,11547.1171875,0.0,1.5006551158428192,11547.1171875,0.0,0.4966,0.45284,0.4504,5.350889296096284e-07,24.120293,11.679254,15.280948400497437,2022-11-02 16:54:46.131562,0.0
43,1.5289293575286864,11526.7314453125,16.812344999999993,1.5703985109329224,11526.7158203125,0.0,1.5774253463745118,11526.7158203125,0.0,0.491,0.4429,0.4401,1.1590091162361205e-06,21.614607,11.751587,13.050034999847412,2022-11-02 16:55:20.995149,0.0
44,1.546805636882782,11514.33984375,19.255343,1.6420191929340362,11514.4775390625,0.0,1.6437460339069367,11514.4775390625,0.0,0.4777,0.43894,0.4311,7.127565027076344e-07,24.296207,11.85124,15.26009488105774,2022-11-02 16:55:58.283142,0.0
45,1.5246255362033845,11487.478515625,18.144177000000003,1.473777517080307,11487.4765625,0.0,1.4758507776260377,11487.4765625,0.0,0.5354,0.46792,0.4691,9.32524642394128e-07,22.967907,11.632084,14.391355514526367,2022-11-02 16:56:34.499695,0.0
46,1.5308657014369964,11489.16796875,18.634969000000005,1.4612331063747406,11489.1474609375,0.0,1.4686271333694458,11489.1474609375,0.0,0.5076,0.48106,0.4766,1.1862130122608505e-06,23.098554,11.764547,14.87417483329773,2022-11-02 16:57:10.987607,0.0
47,1.4937007594108582,11448.1337890625,21.206038999999997,1.4291373283863067,11448.0888671875,0.0,1.4370206785202027,11448.0888671875,0.0,0.5229,0.48996,0.4788,8.81466348801041e-07,26.134975,11.591874,17.293400526046753,2022-11-02 16:57:50.039642,0.0
48,1.4831163728237151,11439.6796875,18.091148999999998,1.454729367017746,11439.6767578125,0.0,1.4676582050323486,11439.6767578125,0.0,0.5115,0.47562,0.4706,5.079517677586409e-07,22.711506,11.813975,14.322316646575928,2022-11-02 16:58:27.309086,0.0
49,1.4921603763103486,11404.517578125,18.119559999999996,1.3734858696460723,11404.404296875,0.0,1.3921718299388885,11404.404296875,0.0,0.5278,0.5057,0.4924,4.320124844525708e-07,23.082453,11.704967,14.132837533950806,2022-11-02 16:59:03.913737,0.0
50,1.4591379165649414,11383.478515625,16.104075000000005,1.4541620795726775,11383.4677734375,0.0,1.4663094329833983,11383.4677734375,0.0,0.506,0.47466,0.4647,8.58455280194903e-07,20.792356,11.671757,12.366071701049805,2022-11-02 16:59:37.828061,0.0
51,1.4779863965511322,11369.419921875,16.822126000000008,1.5736230475902557,11369.3740234375,0.0,1.583998750448227,11369.3740234375,0.0,0.489,0.42566,0.4214,4.965028779224667e-07,21.592802,11.737619,12.98426628112793,2022-11-02 17:00:12.240345,0.0
52,1.4506387841701507,11342.4794921875,17.674170000000004,1.4786109364032745,11342.4619140625,0.0,1.4872797107696534,11342.4619140625,0.0,0.5018,0.4809,0.4754,5.847021498084359e-07,22.406442,11.460931,13.795244932174683,2022-11-02 17:00:47.315323,0.0
53,1.4714577567577363,11340.037109375,19.428872999999985,1.5422392807006835,11340.037109375,0.0,1.5576994049549102,11340.037109375,0.0,0.47,0.43924,0.4292,4.524087557911116e-07,24.220161,11.898008,15.644662380218506,2022-11-02 17:01:24.451523,0.0
54,1.4752991127967834,11297.66015625,19.260243,1.3526526300907136,11297.408203125,0.0,1.3741758918762208,11297.408203125,0.0,0.5185,0.51142,0.5038,4.368050383618538e-07,24.262617,11.474468,15.375731468200684,2022-11-02 17:02:01.432707,0.0
55,1.4275099909305573,11284.646484375,17.01887900000001,1.3573002350330352,11284.6396484375,0.0,1.377558697462082,11284.6396484375,0.0,0.5116,0.507,0.5025,4.5600495468534064e-07,21.704632,11.670923,13.24821138381958,2022-11-02 17:02:35.962489,0.0
56,1.430851193666458,11255.3125,18.28643400000001,1.3474203140735626,11255.10546875,0.0,1.37213770031929,11255.10546875,0.0,0.5535,0.51408,0.5058,5.175202772988996e-07,23.113088,11.846692,14.351264238357544,2022-11-02 17:03:12.870108,0.0
57,1.4274429047107697,11235.0859375,16.637941999999995,1.3868858318328858,11235.091796875,0.0,1.4042921543121338,11235.091796875,0.0,0.5228,0.5046,0.4973,1.005650688057358e-06,21.381155,11.475356,12.882600784301758,2022-11-02 17:03:47.305220,0.0
58,1.413581327199936,11240.0185546875,18.459352,1.3599090056419372,11239.6123046875,0.0,1.3912172615528107,11239.6123046875,0.0,0.5646,0.51114,0.5024,7.135177497730183e-07,23.179687,11.806361,14.663039684295654,2022-11-02 17:04:23.567304,0.0
59,1.4188387215137481,11198.21875,20.552163999999998,1.4155640816688537,11198.0966796875,0.0,1.426977516412735,11198.0966796875,0.0,0.4958,0.48198,0.4781,8.345153901245794e-07,25.49339,11.53492,16.58097791671753,2022-11-02 17:05:01.811361,0.0
60,1.3982567298412323,11193.373046875,19.542845000000003,1.3538072874546052,11193.3701171875,0.0,1.3747292423248292,11193.3701171875,0.0,0.5427,0.51144,0.5024,4.858808324570418e-07,24.063101,11.755646,15.81044054031372,2022-11-02 17:05:39.430457,0.0
61,1.3954964518547057,11155.2685546875,19.015497,1.3753328731060028,11155.1416015625,0.0,1.4021437644958497,11155.1416015625,0.0,0.5457,0.49938,0.4908,4.0173665638576495e-07,23.775748,11.59874,15.180819272994995,2022-11-02 17:06:16.059796,0.0
62,1.398627450466156,11135.7294921875,16.420772,1.375737813949585,11135.7197265625,0.0,1.4008857417106628,11135.7197265625,0.0,0.5439,0.50628,0.4958,1.0178725915466202e-06,21.15516,11.476014,12.663954496383667,2022-11-02 17:06:50.038847,0.0
63,1.3927905869483947,11118.525390625,17.656898999999992,1.4184905519485473,11118.630859375,0.0,1.437991807460785,11118.630859375,0.0,0.5338,0.5043,0.4974,5.231317459220008e-07,22.360826,11.749301,13.806870222091675,2022-11-02 17:07:25.422542,0.0
64,1.3902431845664978,11088.5712890625,18.125587,1.328245197534561,11088.564453125,0.0,1.3473281753063202,11088.564453125,0.0,0.5659,0.5195,0.5119,8.755261546866677e-07,22.888486,11.58749,14.236366748809814,2022-11-02 17:08:01.387706,0.0
65,1.4195439636707305,11089.2216796875,17.804734000000003,1.2907780792713166,11089.66796875,0.0,1.312452288866043,11089.66796875,0.0,0.5419,0.53812,0.5302,7.744547474430874e-07,22.383253,11.744232,14.06685495376587,2022-11-02 17:08:37.000520,0.0
66,1.3932144391536712,11045.5888671875,19.14946900000001,1.3035453956127168,11045.3916015625,0.0,1.3335365295410155,11045.3916015625,0.0,0.5449,0.53134,0.5249,3.7799429719598265e-07,24.163928,11.471777,15.213428974151611,2022-11-02 17:09:13.967199,0.0
67,1.39830917596817,11036.7158203125,17.96047,1.3788081290721894,11036.716796875,0.0,1.4054782581329346,11036.716796875,0.0,0.4908,0.50598,0.4989,4.0265032907882414e-07,22.835738,11.664244,14.146641731262207,2022-11-02 17:09:50.728084,0.0
68,1.3461036384105682,11001.2900390625,18.786423,1.2576354299783707,11001.1796875,0.0,1.2921271646022796,11001.1796875,0.0,0.5843,0.54502,0.5351,6.556165317306295e-07,23.731175,11.695297,14.842946529388428,2022-11-02 17:10:27.500610,0.0
69,1.3814246201515197,10975.0537109375,16.158430000000003,1.2828747804164886,10975.041015625,0.0,1.316686202287674,10975.041015625,0.0,0.5554,0.54348,0.5271,9.770185442903312e-07,21.005024,11.574576,12.39731740951538,2022-11-02 17:11:01.823582,0.0
70,1.3689128077030182,10974.0283203125,18.057564999999997,1.290527954339981,10973.1796875,0.0,1.3204121506214141,10973.1796875,0.0,0.5609,0.53512,0.526,3.5634354844660265e-07,22.819714,11.755699,14.28894305229187,2022-11-02 17:11:37.531194,0.0
71,1.3431256687641144,10941.7353515625,18.533408,1.6349538342952727,10941.65625,0.0,1.6592836272716522,10941.65625,0.0,0.4849,0.43036,0.4248,7.033709152892698e-07,23.530338,11.497123,14.70155930519104,2022-11-02 17:12:13.841264,0.0
72,1.325256768465042,10936.875,19.422749999999997,1.3937074830532075,10936.8720703125,0.0,1.427424384355545,10936.8720703125,0.0,0.5411,0.507,0.499,3.5658274555316893e-07,23.780838,11.776803,15.722153902053833,2022-11-02 17:12:51.180915,0.0
73,1.3343976950645446,10895.3583984375,19.965604,1.2600030258893966,10895.0888671875,0.0,1.299319669008255,10895.0888671875,0.0,0.5528,0.55184,0.542,2.6727622071121004e-07,25.139768,11.47488,15.878491163253784,2022-11-02 17:13:29.389573,0.0
74,1.347509583234787,10881.62109375,16.928220999999994,1.2600335812568664,10881.6171875,0.0,1.2983046174049377,10881.6171875,0.0,0.5685,0.54572,0.5363,7.105930990292109e-07,21.628841,11.502413,13.218210458755493,2022-11-02 17:14:03.800456,0.0
75,1.3032612454891206,10852.623046875,20.945291999999995,1.2279948201179505,10852.2353515625,0.0,1.2662926656007767,10852.2353515625,0.0,0.5637,0.5591,0.5513,4.5591113462251087e-07,26.143649,11.658685,16.900771141052246,2022-11-02 17:14:43.637119,0.0
76,1.3211526584625244,10829.7265625,16.323223000000002,1.26417436337471,10829.716796875,0.0,1.3011773669719695,10829.716796875,0.0,0.5341,0.5418,0.5268,8.86111308773252e-07,21.180779,11.509739,12.490151405334473,2022-11-02 17:15:17.960586,0.0
77,1.334714288711548,10833.3701171875,18.013982000000006,1.3287279325723649,10832.6474609375,0.0,1.3737101721763612,10832.6474609375,0.0,0.5604,0.5305,0.5249,6.716558118569083e-07,22.92236,11.876311,14.180747747421265,2022-11-02 17:15:55.368295,0.0
78,1.3188649117946625,10798.1142578125,18.926042000000002,1.2616052595376968,10798.041015625,0.0,1.3048985725641251,10798.041015625,0.0,0.5531,0.54308,0.5279,5.796165964966349e-07,23.791072,11.428899,15.065803050994873,2022-11-02 17:16:31.717217,0.0
79,1.3133110976219178,10794.072265625,19.140950000000007,1.2348874487876893,10794.0673828125,0.0,1.2758470892906189,10794.0673828125,0.0,0.562,0.55542,0.5447,3.642236947598576e-07,23.690265,11.851689,15.402686834335327,2022-11-02 17:17:09.096656,0.0
80,1.3013201439380646,10754.6318359375,19.449251000000007,1.2420437531471253,10754.447265625,0.0,1.2885410904884338,10754.447265625,0.0,0.5426,0.5554,0.5398,4.319058177770785e-07,24.566102,11.456509,15.328644275665283,2022-11-02 17:17:46.520674,0.0
81,1.2772830146551133,10739.71484375,17.343090999999994,1.2326070502996445,10739.7109375,0.0,1.2763409078121186,10739.7109375,0.0,0.6021,0.56078,0.5446,8.073227490967838e-07,21.993,11.538828,13.609935998916626,2022-11-02 17:18:22.108306,0.0
82,1.2802601075172424,10713.2138671875,19.101576,1.3233468658924104,10712.9580078125,0.0,1.3657488691806794,10712.9580078125,0.0,0.5642,0.53044,0.519,5.116023658047197e-07,24.127309,11.785919,15.070272207260132,2022-11-02 17:19:00.579735,0.0
83,1.3005451023578645,10701.63671875,17.051226000000007,1.2769572460651397,10701.63671875,0.0,1.307450966835022,10701.63671875,0.0,0.5874,0.54832,0.5388,8.762240213400219e-07,21.714849,11.636217,13.270076036453247,2022-11-02 17:19:35.695015,0.0
84,1.2794076526165008,10700.9794921875,17.932316999999994,1.2367461771965027,10700.5791015625,0.0,1.289401319026947,10700.5791015625,0.0,0.5814,0.55972,0.5486,4.923292635794496e-07,22.784605,11.881406,13.951762676239014,2022-11-02 17:20:11.431308,0.0
85,1.2626512992382048,10663.93359375,19.044919999999998,1.1972110126018525,10663.8212890625,0.0,1.2376311838626861,10663.8212890625,0.0,0.598,0.57582,0.5636,5.809952767776849e-07,23.718651,11.582835,15.143035888671875,2022-11-02 17:20:47.910587,0.0
86,1.2360256868600845,10658.6298828125,18.901892,1.238683908224106,10658.62890625,0.0,1.278068939447403,10658.62890625,0.0,0.6202,0.55574,0.5383,4.2911560171887686e-07,23.419548,11.707884,15.171764612197876,2022-11-02 17:21:24.295086,0.0
87,1.2640272802114487,10620.21484375,18.209130999999996,1.1564115792512895,10620.0869140625,0.0,1.2130258947610855,10620.0869140625,0.0,0.5994,0.59094,0.5713,3.5302267065162596e-07,23.301084,11.622876,14.206104755401611,2022-11-02 17:22:00.482549,0.0
88,1.236542165875435,10599.7060546875,16.640324999999997,1.1511068935394286,10599.697265625,0.0,1.2035978657007218,10599.697265625,0.0,0.5969,0.59054,0.5746,6.093787305871956e-07,21.348837,11.505025,12.928069353103638,2022-11-02 17:22:35.239054,0.0
89,1.23976438164711,10588.201171875,17.252917999999998,1.2040722016096115,10587.9189453125,0.0,1.2584448611736299,10587.9189453125,0.0,0.6013,0.57474,0.558,5.022457116865553e-07,22.135751,11.773357,13.398510456085205,2022-11-02 17:23:11.011330,0.0
90,1.2277573478221893,10560.7900390625,18.467325,1.2052333225011826,10560.7470703125,0.0,1.2661980211734771,10560.7470703125,0.0,0.5955,0.57896,0.5578,5.516688474926923e-07,23.310441,11.441663,14.594345808029175,2022-11-02 17:23:47.209179,0.0
91,1.272654606103897,10557.55078125,19.345426999999994,1.1819025639295577,10557.548828125,0.0,1.2317441040277481,10557.548828125,0.0,0.5873,0.57912,0.5608,4.0971769976749783e-07,24.070231,11.858384,15.49583888053894,2022-11-02 17:24:24.177583,0.0
92,1.2469290679693221,10518.650390625,21.531015,1.2169951263666152,10518.560546875,0.0,1.2817470163106919,10518.560546875,0.0,0.6057,0.56726,0.5465,4.739917187635001e-07,26.546721,11.437266,17.555755615234375,2022-11-02 17:25:03.422227,0.0
93,1.2854376655817032,10511.251953125,17.805196000000002,1.1798125194311142,10511.2490234375,0.0,1.230606974363327,10511.2490234375,0.0,0.6115,0.5809,0.5637,4.832309628000075e-07,22.318197,11.647091,14.059110403060913,2022-11-02 17:25:38.553138,0.0
94,1.2230903321504594,10480.7568359375,18.360093000000003,1.2832757428884507,10480.6435546875,0.0,1.3348815351724626,10480.6435546875,0.0,0.5309,0.54106,0.5263,4.7668871161477e-07,23.463149,11.767316,14.272526025772095,2022-11-02 17:26:16.204463,0.0
95,1.2686414897441864,10455.392578125,16.686268000000002,1.3082001113891601,10455.3837890625,0.0,1.3512860465049743,10455.3837890625,0.0,0.5581,0.54326,0.5329,1.1425541970311315e-06,21.148933,11.486349,12.918647289276123,2022-11-02 17:26:50.609322,0.0
96,1.329274806380272,10458.5380859375,18.516742999999998,1.1925991181135178,10458.1611328125,0.0,1.252776596546173,10458.1611328125,0.0,0.5787,0.57274,0.5557,6.502650649053976e-07,23.205502,11.714853,14.71913194656372,2022-11-02 17:27:27.685601,0.0
97,1.2442095541954041,10421.57421875,19.50678199999999,1.1598608317375183,10421.5,0.0,1.2162559252977372,10421.5,0.0,0.6304,0.5943,0.5754,5.283643531583948e-07,24.426637,11.490116,15.52416729927063,2022-11-02 17:28:04.851808,0.0
98,1.2332015168666839,10417.296875,19.233193999999997,1.2023182134628296,10417.2939453125,0.0,1.2589659875631332,10417.2939453125,0.0,0.5613,0.5648,0.5484,4.436420795173035e-07,23.865812,11.823211,15.456093072891235,2022-11-02 17:28:41.787010,0.0
99,1.2214090430736542,10381.2568359375,18.051224,1.1118041393756866,10381.087890625,0.0,1.1799106937646866,10381.087890625,0.0,0.6348,0.60628,0.5826,3.604391451972333e-07,23.068703,11.541939,14.05591082572937,2022-11-02 17:29:17.951146,0.0
100,1.1892011731863021,10363.6435546875,16.553447000000006,1.1471166952848435,10363.638671875,0.0,1.2063333582878113,10363.638671875,0.0,0.5955,0.58768,0.5705,6.951296427359921e-07,21.337815,11.521077,12.744758129119873,2022-11-02 17:29:52.113501,0.0
101,1.1936686992645265,10344.572265625,18.865046999999997,1.083375159740448,10344.2451171875,0.0,1.1535006511211394,10344.2451171875,0.0,0.6329,0.61734,0.5955,5.535528089239961e-07,23.859858,11.761509,15.003493070602417,2022-11-02 17:30:28.821066,0.0
102,1.196692677140236,10328.857421875,18.225264000000006,1.1380938585996627,10328.865234375,0.0,1.2000984746217727,10328.865234375,0.0,0.6459,0.5977,0.5742,7.658472895855084e-07,22.91,11.488994,14.448383092880249,2022-11-02 17:31:04.704011,0.0
103,1.19537957072258,10328.4892578125,18.599857,1.1315187882184983,10328.5869140625,0.0,1.1975194525718689,10328.5869140625,0.0,0.6119,0.60204,0.5838,8.156027320183057e-07,23.459656,11.737369,14.738891839981079,2022-11-02 17:31:41.029260,0.0
104,1.1880394107103347,10289.712890625,20.719286000000004,1.1095314917564392,10289.5263671875,0.0,1.1795230382680892,10289.5263671875,0.0,0.6027,0.60662,0.5908,3.604844778237748e-07,25.747224,11.465924,16.77389621734619,2022-11-02 17:32:20.009703,0.0
105,1.2412918639183044,10280.5009765625,17.947351,1.1027739807367325,10280.4970703125,0.0,1.1727461779117585,10280.4970703125,0.0,0.6145,0.60774,0.5869,3.9948398011802055e-07,22.574787,11.631439,14.288612127304077,2022-11-02 17:32:56.321876,0.0
106,1.1530762326717376,10248.880859375,19.407656999999997,1.1109750859737397,10248.7607421875,0.0,1.188119643330574,10248.7607421875,0.0,0.6151,0.61026,0.5851,3.647162429842865e-07,24.518998,11.75254,15.394853591918945,2022-11-02 17:33:34.127804,0.0
107,1.1688677144050599,10228.912109375,16.144768,1.2183876143693924,10228.90234375,0.0,1.28775783598423,10228.90234375,0.0,0.5802,0.56238,0.5422,6.73311092214135e-07,20.763004,11.505905,12.380727767944336,2022-11-02 17:34:07.873351,0.0
108,1.1886508560180664,10220.025390625,17.824112,1.121237642645836,10219.8330078125,0.0,1.1973504585027694,10219.8330078125,0.0,0.6096,0.60124,0.5797,4.0616143337501853e-07,22.628573,11.788654,13.934615135192871,2022-11-02 17:34:44.247124,0.0
109,1.1611664074659347,10191.30859375,19.889176,1.0871426104307174,10191.2890625,0.0,1.1732011729478835,10191.2890625,0.0,0.6242,0.61484,0.5912,5.25225857472833e-07,24.608121,11.502732,15.976698637008667,2022-11-02 17:35:22.300568,0.0
110,1.1722893011569977,10189.134765625,17.884389000000006,1.0765549675226211,10189.1337890625,0.0,1.1483505284786224,10189.1337890625,0.0,0.6283,0.62042,0.593,3.2065767641142884e-07,22.761856,11.840111,14.008627891540527,2022-11-02 17:35:57.950831,0.0
111,1.1459935694932937,10152.3251953125,19.709672,1.0889022880792618,10152.1650390625,0.0,1.172847536802292,10152.1650390625,0.0,0.6095,0.6196,0.5946,3.4463610631974007e-07,24.729244,11.39763,15.723286390304565,2022-11-02 17:36:35.963644,0.0
112,1.1669787007570267,10140.7158203125,17.482992999999997,1.1363182380199432,10140.703125,0.0,1.2099464738368988,10140.703125,0.0,0.594,0.59134,0.5695,3.323390842524532e-07,22.268819,11.672867,13.67149543762207,2022-11-02 17:37:12.267082,0.0
113,1.1451491111516952,10108.41015625,19.357571999999998,1.1017746105194093,10108.220703125,0.0,1.171524827480316,10108.220703125,0.0,0.6397,0.6088,0.5886,4.2856277104874607e-07,24.23499,11.66976,15.396324872970581,2022-11-02 17:37:50.138880,0.0
114,1.1275063318014145,10087.8232421875,16.493517999999998,1.0640951832532883,10087.8173828125,0.0,1.1397547721862793,10087.8173828125,0.0,0.6447,0.63212,0.6041,6.665439400421747e-07,21.218887,11.501658,12.704631567001343,2022-11-02 17:38:24.671367,0.0
115,1.1394772845506669,10080.341796875,18.437294000000005,1.077502903699875,10079.517578125,0.0,1.1715000402927398,10079.517578125,0.0,0.6311,0.62394,0.5994,7.474047265532135e-07,23.260982,11.831188,14.576439380645752,2022-11-02 17:39:02.326177,0.0
116,1.1348819017410279,10060.154296875,18.803077000000002,1.085165313243866,10060.1220703125,0.0,1.1673646754026412,10060.1220703125,0.0,0.5859,0.61284,0.5905,6.573613973159809e-07,23.610685,11.472957,14.970207214355469,2022-11-02 17:39:38.895802,0.0
117,1.1624692541360855,10058.2197265625,18.629594,1.0455424877405166,10058.2177734375,0.0,1.121697142124176,10058.2177734375,0.0,0.6499,0.6321,0.6064,4.7232614974745957e-07,23.414383,11.802387,14.812065839767456,2022-11-02 17:40:15.130596,0.0
118,1.1355209094285965,10021.642578125,19.625799999999998,1.0983240634202958,10021.326171875,0.0,1.1890913492441177,10021.326171875,0.0,0.6522,0.61328,0.5834,2.9849653060409764e-07,24.515568,11.464654,15.59096646308899,2022-11-02 17:40:52.546679,0.0
119,1.1588476085662842,10006.5654296875,17.486564000000005,1.0783355933427812,10006.5595703125,0.0,1.1585989284515381,10006.5595703125,0.0,0.6346,0.61838,0.5922,5.11385394474928e-07,22.300846,11.528826,13.751798152923584,2022-11-02 17:41:27.432391,0.0
120,1.1002327406406402,9981.072265625,19.740315,1.0864293867349624,9980.84375,0.0,1.1729368877410888,9980.84375,0.0,0.6436,0.6229,0.5928,3.829150614365062e-07,24.844838,11.711211,15.712124824523926,2022-11-02 17:42:05.381010,0.0
121,1.1439338499307632,9960.134765625,16.224651000000005,1.115107772707939,9960.1259765625,0.0,1.2011400824785232,9960.1259765625,0.0,0.6285,0.6125,0.5861,8.500234685016039e-07,20.837528,11.457021,12.526375770568848,2022-11-02 17:42:40.486025,0.0
122,1.2024720185995101,9967.2607421875,17.568233999999997,1.0555538384914398,9966.826171875,0.0,1.147066422700882,9966.826171875,0.0,0.6487,0.62996,0.6034,6.6727767489283e-07,22.226364,11.697891,13.758347272872925,2022-11-02 17:43:15.538380,0.0
123,1.1106625950336457,9928.0283203125,18.720877999999992,1.0584852439165116,9927.814453125,0.0,1.159122953414917,9927.814453125,0.0,0.6497,0.62722,0.5974,4.826572421734454e-07,23.763103,11.472301,14.850353717803955,2022-11-02 17:43:52.129467,0.0
124,1.1055850273370742,9925.708984375,18.655484,1.0805773204565048,9925.701171875,0.0,1.1868460446596145,9925.701171875,0.0,0.6077,0.61928,0.5863,3.4714639696176164e-07,23.288865,11.595826,14.873910188674927,2022-11-02 17:44:28.288871,0.0
125,1.0788924831151963,9887.9375,21.143864,1.0648658303022385,9887.765625,0.0,1.1674445682764054,9887.765625,0.0,0.6368,0.62496,0.5944,3.377617190380988e-07,26.196634,11.602856,17.20295763015747,2022-11-02 17:45:07.413442,0.0
126,1.1042818468809128,9871.7919921875,17.247933999999997,1.1138803244829178,9871.76953125,0.0,1.1950738143920898,9871.76953125,0.0,0.6315,0.60208,0.5809,7.505528856199817e-07,21.701145,11.508925,13.602290391921997,2022-11-02 17:45:42.065730,0.0
127,1.1057503163814544,9850.8623046875,19.681064,1.0226057062149048,9850.529296875,0.0,1.1305614250898361,9850.529296875,0.0,0.6457,0.64378,0.6141,4.181718225026998e-07,24.594865,11.721336,15.721075296401978,2022-11-02 17:46:19.931879,0.0
128,1.0930495578050614,9828.0634765625,17.57385000000001,0.9993503322601318,9828.044921875,0.0,1.0992660623788835,9828.044921875,0.0,0.6521,0.65256,0.6224,7.116973961274198e-07,22.182681,11.448738,13.786341667175293,2022-11-02 17:46:55.421950,0.0
129,1.1186918020248413,9836.4150390625,18.667423999999997,1.0374636137485505,9836.5,0.0,1.1424750292301178,9836.5,0.0,0.6232,0.63706,0.6054,8.221494454119238e-07,23.430721,11.679977,14.83614206314087,2022-11-02 17:47:32.033374,0.0
130,1.0672182846069336,9797.7294921875,18.907160000000005,0.9926304824352264,9797.6591796875,0.0,1.09784419298172,9797.6591796875,0.0,0.6554,0.65016,0.6202,4.055526403590193e-07,23.895248,11.456855,14.928980827331543,2022-11-02 17:48:08.723346,0.0
131,1.1266217613220215,9795.330078125,19.108814,1.061634130835533,9795.3251953125,0.0,1.1439776009321212,9795.3251953125,0.0,0.632,0.62088,0.5905,3.288611765128735e-07,23.745495,11.682483,15.399039506912231,2022-11-02 17:48:46.830746,0.0
132,1.0738521391153335,9757.2568359375,23.591247999999993,1.001474218249321,9757.1123046875,0.0,1.1148132634162904,9757.1123046875,0.0,0.6659,0.65328,0.6208,4.5914225665910635e-07,28.779828,11.396766,19.546837091445923,2022-11-02 17:49:28.221261,0.0
133,1.1086899739503862,9750.6884765625,17.46464600000001,1.0263213517665863,9750.6787109375,0.0,1.1379319494962692,9750.6787109375,0.0,0.6232,0.6377,0.6018,3.9623162706448056e-07,22.318871,11.562752,13.605846643447876,2022-11-02 17:50:03.181655,0.0
134,1.0466105431318282,9720.228515625,19.69940600000001,0.945058859705925,9719.8603515625,0.0,1.0668808895349502,9719.8603515625,0.0,0.6663,0.67016,0.6329,5.335117521099164e-07,24.77247,11.621545,15.688342809677124,2022-11-02 17:50:41.581074,0.0
135,1.0802069699764252,9701.916015625,16.638896999999996,0.9978924748897553,9701.8955078125,0.0,1.1075504058599472,9701.8955078125,0.0,0.6599,0.64964,0.6149,5.770578468400345e-07,21.293882,11.454984,12.896805047988892,2022-11-02 17:51:16.109185,0.0
136,1.1167333102226258,9691.3955078125,17.944699,0.9996710530519486,9690.80078125,0.0,1.1123574250936508,9690.80078125,0.0,0.6429,0.6554,0.6275,6.491216026915936e-07,22.897641,11.667209,14.065912246704102,2022-11-02 17:51:52.012125,0.0
137,1.0547882997989655,9670.728515625,17.97904799999999,0.9981424342393875,9670.66796875,0.0,1.1063814175128937,9670.66796875,0.0,0.6577,0.65368,0.6212,5.169549694983289e-07,22.896547,11.451656,14.127832889556885,2022-11-02 17:52:27.602696,0.0
138,1.0774461394548416,9668.525390625,18.752734999999998,1.0472725218534469,9668.5205078125,0.0,1.1468331456184386,9668.5205078125,0.0,0.6349,0.63838,0.6036,3.3318141845484206e-07,23.256047,11.772015,14.945143222808838,2022-11-02 17:53:04.227797,0.0
139,1.0670961648225785,9630.7626953125,21.398564999999998,1.0376832505464555,9630.552734375,0.0,1.160405592918396,9630.552734375,0.0,0.6766,0.63758,0.6028,4.091982930276572e-07,26.370713,11.394608,17.365837335586548,2022-11-02 17:53:43.833678,0.0
140,1.0591524368524552,9621.7490234375,18.264668000000004,0.9785148757696152,9621.7373046875,0.0,1.0796425652503967,9621.7373046875,0.0,0.6613,0.6591,0.6245,3.417616483147867e-07,22.961732,11.548052,14.492649793624878,2022-11-02 17:54:20.526190,0.0
141,1.0205117839574813,9590.423828125,20.533763999999994,0.9710858421325683,9590.201171875,0.0,1.09396559715271,9590.201171875,0.0,0.6249,0.65762,0.6202,4.1792424099185155e-07,25.55198,11.621296,16.5513916015625,2022-11-02 17:54:58.912282,0.0
142,1.0483546036481857,9572.1103515625,16.686487000000003,1.0196026293039322,9572.103515625,0.0,1.1203124326467515,9572.103515625,0.0,0.6624,0.646,0.6168,7.065860359034559e-07,21.32759,11.509328,12.957001209259033,2022-11-02 17:55:33.374385,0.0
143,1.0728823834657668,9563.6025390625,17.933992000000003,1.059733051776886,9563.4140625,0.0,1.1712333089113236,9563.4140625,0.0,0.6521,0.63408,0.6015,4.218476590267528e-07,22.682678,11.682659,14.097068548202515,2022-11-02 17:56:09.909275,0.0
144,1.039497120976448,9538.1572265625,18.375513000000005,1.063116259098053,9538.1259765625,0.0,1.1798329532146454,9538.1259765625,0.0,0.6541,0.62672,0.5917,5.736501975661668e-07,23.253773,11.48948,14.511853694915771,2022-11-02 17:56:46.136375,0.0
145,1.0739336240291595,9535.337890625,19.470407999999992,0.98321158182621,9535.3359375,0.0,1.0882742750644683,9535.3359375,0.0,0.6597,0.65068,0.6172,0.1277187019586563,24.158622,11.71884,15.700374126434326,2022-11-02 17:57:23.515440,0.0
146,1.0987539952993393,10067.677734375,20.31904899999999,0.9312899718284607,10077.279296875,0.0,1.0613764441013336,10077.279296875,0.0,0.6842,0.67492,0.6349,0.00013713532825931907,25.349203,11.451599,16.282634973526,2022-11-02 17:58:01.558798,0.0
147,0.9965785562992096,10470.6005859375,17.547139999999995,0.9467490156888961,10470.9755859375,0.0,1.0583457654714585,10470.9755859375,0.0,0.689,0.67002,0.633,0.00010128223948413506,22.085164,11.590769,13.847928047180176,2022-11-02 17:58:36.950384,0.0
148,1.022800912261009,10260.3671875,20.208696999999994,0.9423622179031372,10260.4443359375,0.0,1.0729583060741426,10260.4443359375,0.0,0.6517,0.6698,0.6323,2.4757157461863244e-06,25.412337,11.578193,16.105841398239136,2022-11-02 17:59:15.176309,0.0
149,1.0282847225666045,10196.595703125,16.482381000000004,0.9588278350830078,10196.6337890625,0.0,1.0766930305957794,10196.6337890625,0.0,0.6773,0.6602,0.6264,7.262519829964731e-07,21.146186,11.463215,12.768464088439941,2022-11-02 17:59:49.716473,0.0
150,1.0306502163410187,10192.5927734375,17.518256999999995,0.9110302565097809,10191.8984375,0.0,1.0459167921543122,10191.8984375,0.0,0.6938,0.6826,0.6402,3.777120127779199e-07,22.370711,11.844591,13.645527601242065,2022-11-02 18:00:25.153528,0.0
151,1.0183011531829833,10166.76953125,19.263916999999996,0.9040463389158249,10166.7138671875,0.0,1.0336381942033768,10166.7138671875,0.0,0.683,0.68302,0.6378,6.390505973286054e-07,23.979524,11.463978,15.420835256576538,2022-11-02 18:01:01.861745,0.0
152,1.0576844853162766,10164.5888671875,19.76135799999999,1.0139879077672957,10164.5869140625,0.0,1.1264673763513564,10164.5869140625,0.0,0.6255,0.64044,0.6037,3.5628221439765184e-07,24.184231,11.805592,15.973069906234741,2022-11-02 18:01:39.637713,0.0
153,0.9915968644618988,10129.3779296875,18.367803999999996,0.9262300308942795,10129.2138671875,0.0,1.051086995601654,10129.2138671875,0.0,0.6927,0.67592,0.6364,5.144895567354979e-07,23.195452,11.570485,14.447079420089722,2022-11-02 18:02:15.662016,0.0
154,0.9915527075529098,10114.6083984375,16.403873999999995,0.9449432499408722,10114.603515625,0.0,1.0733780461549758,10114.603515625,0.0,0.665,0.66668,0.6299,6.310230560302443e-07,21.013776,11.424336,12.689399719238281,2022-11-02 18:02:49.595538,0.0
155,0.9809060889482498,10092.1689453125,19.535856000000006,0.9284746570587158,10091.7685546875,0.0,1.0939373409748077,10091.7685546875,0.0,0.6871,0.68378,0.6374,5.070972406429064e-07,24.645465,11.788081,15.43145203590393,2022-11-02 18:03:29.180507,0.0
156,1.0120068657398225,10080.501953125,16.815187999999996,0.9390944652557373,10080.5,0.0,1.0494567173719407,10080.5,0.0,0.6876,0.66968,0.6335,7.850596830394352e-07,21.554622,11.489171,13.010043859481812,2022-11-02 18:04:04.364557,0.0
157,1.0343252944946288,10076.716796875,18.153219000000004,0.9384020487070084,10076.2998046875,0.0,1.0800021928548813,10076.2998046875,0.0,0.6816,0.67114,0.6282,4.419697177127091e-07,22.982889,11.862016,14.28569507598877,2022-11-02 18:04:40.145465,0.0
158,0.9685398560762405,10046.37890625,20.380213999999995,1.0352128484249115,10046.3212890625,0.0,1.1621097058057785,10046.3212890625,0.0,0.6243,0.62718,0.5916,5.693592015632021e-07,25.320308,11.532532,16.500942707061768,2022-11-02 18:05:18.120783,0.0
159,0.9968645042181015,10042.181640625,18.82182,1.0378381308317184,10042.1806640625,0.0,1.1573994970321655,10042.1806640625,0.0,0.6395,0.62586,0.5903,4.216912827814667e-07,23.566973,11.77871,15.024378061294556,2022-11-02 18:05:54.477690,0.0
160,0.9640623539686203,10005.7177734375,20.608584000000004,0.9349716198444367,10005.5,0.0,1.0810291653871535,10005.5,0.0,0.6941,0.66954,0.6282,4.2703501890173357e-07,25.723156,11.45476,16.655531644821167,2022-11-02 18:06:33.074698,0.0
161,0.9854892182350159,9990.3662109375,16.897250999999994,0.9315903872251511,9990.361328125,0.0,1.070725382566452,9990.361328125,0.0,0.6988,0.67728,0.6341,6.432055670302361e-07,21.622476,11.471356,13.13616394996643,2022-11-02 18:07:07.607261,0.0
162,0.9705660033226013,9969.7314453125,18.608336000000012,0.8723038543462753,9969.4267578125,0.0,1.029301559329033,9969.4267578125,0.0,0.6796,0.69326,0.6447,3.7197472124717024e-07,23.587417,11.621232,14.637460708618164,2022-11-02 18:07:44.298558,0.0
163,0.9788959705829621,9951.572265625,17.698514000000007,0.9978204417228699,9951.5654296875,0.0,1.1463287389278412,9951.5654296875,0.0,0.674,0.65914,0.6141,7.36909555598686e-07,22.117539,11.455774,13.970811128616333,2022-11-02 18:08:19.756392,0.0
164,1.0311775851249694,9957.3603515625,19.024047999999997,0.9540505814552307,9957.599609375,0.0,1.1114373195171356,9957.599609375,0.0,0.6603,0.6699,0.6283,1.0838082289410522e-06,23.715119,11.834407,15.120952606201172,2022-11-02 18:08:57.944841,0.0
165,0.9853676968812942,9919.666015625,17.747905,0.8949413146972657,9919.55859375,0.0,1.040984532237053,9919.55859375,0.0,0.6919,0.6884,0.6399,5.661199224960001e-07,22.652099,11.509794,13.89403486251831,2022-11-02 18:09:33.803341,0.0
166,0.967262322306633,9912.1435546875,18.189575999999995,0.914578252196312,9912.1435546875,0.0,1.0417508590221405,9912.1435546875,0.0,0.6786,0.68056,0.6381,3.7698319488299603e-07,23.115204,11.663682,14.367763042449951,2022-11-02 18:10:09.628618,0.0
167,0.9443700057268143,9877.42578125,21.790112000000004,0.8863970286846161,9877.244140625,0.0,1.0276126778125763,9877.244140625,0.0,0.6944,0.69016,0.6462,4.265349389243056e-07,27.101015,11.575415,17.714787244796753,2022-11-02 18:10:49.495036,0.0
168,0.9757092916965484,9860.650390625,16.681171999999997,1.0920237991809845,9860.64453125,0.0,1.2267705887556075,9860.64453125,0.0,0.6072,0.62192,0.5777,8.130309652187862e-07,21.408596,11.489463,12.939798593521118,2022-11-02 18:11:23.628986,0.0
169,0.9934930402040482,9843.57421875,19.587712999999994,0.847652567744255,9843.208984375,0.0,1.0112756663560867,9843.208984375,0.0,0.6987,0.7065,0.6542,4.2970506797246344e-07,24.668853,11.737676,15.609665393829346,2022-11-02 18:12:01.166958,0.0
170,0.9425132882595062,9829.236328125,18.095124999999985,0.9365984960794449,9829.2431640625,0.0,1.0675822657346725,9829.2431640625,0.0,0.6947,0.67156,0.6327,6.76279626077303e-07,22.79104,11.429287,14.289685249328613,2022-11-02 18:12:36.848960,0.0
171,1.0245362359285355,9829.12109375,18.099832000000003,0.8851581481695175,9829.23046875,0.0,1.0250475084781647,9829.23046875,0.0,0.7169,0.69042,0.6462,5.159158718015533e-07,22.887797,11.700812,14.302140235900879,2022-11-02 18:13:12.656022,0.0
172,0.9685601085424423,9793.5927734375,20.071395000000003,0.9172260043621063,9793.505859375,0.0,1.0703888088464737,9793.505859375,0.0,0.6831,0.67994,0.6361,6.184826588651049e-07,25.155463,11.478196,16.10552954673767,2022-11-02 18:13:50.485809,0.0
173,0.958458052277565,9789.6201171875,18.291228000000004,1.0375199011564256,9789.6181640625,0.0,1.1681405258178712,9789.6181640625,0.0,0.6763,0.63788,0.6006,4.5825879624317167e-07,23.119323,11.674398,14.531396389007568,2022-11-02 18:14:26.295613,0.0
174,0.9389665514230728,9757.37890625,19.039578,0.858962895989418,9757.154296875,0.0,1.0314341700077057,9757.154296875,0.0,0.6917,0.69958,0.6523,4.6649978457935504e-07,24.195845,11.661788,15.163334608078003,2022-11-02 18:15:03.665848,0.0
175,0.9368125492334366,9738.533203125,16.075263999999997,0.8704984607696533,9738.529296875,0.0,1.0065448564291,9738.529296875,0.0,0.7054,0.69342,0.6495,6.928671609784942e-07,20.77584,11.46947,12.301424026489258,2022-11-02 18:15:38.142916,0.0
176,0.9739470601081848,9727.658203125,19.199536999999992,0.8149330967664719,9727.51171875,0.0,0.9854050213098526,9727.51171875,0.0,0.7137,0.71436,0.6658,3.6382922985467303e-07,24.202387,11.644103,15.263953685760498,2022-11-02 18:16:15.263476,0.0
177,0.9291531801223755,9704.68359375,18.144698999999996,0.9256932351589203,9704.603515625,0.0,1.0766307646036148,9704.603515625,0.0,0.7029,0.67352,0.6261,5.983430355627206e-07,22.775527,11.50181,14.455747127532959,2022-11-02 18:16:51.142635,0.0
178,0.9719075232744216,9702.9111328125,19.212828999999992,0.9241587946414948,9702.9072265625,0.0,1.0627196282148361,9702.9072265625,0.0,0.6926,0.681,0.6377,3.2755102097326017e-07,24.0786,11.808496,15.404082298278809,2022-11-02 18:17:29.893823,0.0
179,0.9368623971939087,9667.740234375,19.254424999999994,0.8343700201511383,9667.4619140625,0.0,1.0080863201618195,9667.4619140625,0.0,0.7016,0.7066,0.6552,4.17798474927622e-07,24.215283,11.476418,15.258224248886108,2022-11-02 18:18:06.742926,0.0
180,0.920056626200676,9662.044921875,17.921275000000005,0.8720782729387283,9662.03515625,0.0,1.0307460200786591,9662.03515625,0.0,0.6971,0.69732,0.648,3.509401551582414e-07,22.542634,11.603425,14.183895826339722,2022-11-02 18:18:42.109162,0.0
181,0.9103720873594284,9629.5185546875,19.673298,0.7925196685791016,9629.291015625,0.0,0.9759527504444122,9629.291015625,0.0,0.7187,0.72352,0.6688,4.884678901362349e-07,24.632328,11.640017,15.733144760131836,2022-11-02 18:19:19.712415,0.0
182,0.9079126733541488,9609.3974609375,16.618923000000002,0.9046576551198959,9609.3740234375,0.0,1.0655643731355666,9609.3740234375,0.0,0.6873,0.6773,0.6247,5.731766350436374e-07,21.064031,11.481713,12.890275955200195,2022-11-02 18:19:54.013023,0.0
183,0.9502327191829681,9604.1181640625,17.561857000000003,0.8123766310214996,9603.7587890625,0.0,1.0015870636701585,9603.7587890625,0.0,0.7114,0.71506,0.6622,4.900914518657373e-07,22.542973,11.654925,13.623461484909058,2022-11-02 18:20:29.837786,0.0
184,0.9061637863516807,9579.701171875,20.022328,0.8702952976226807,9579.615234375,0.0,1.0389203786849976,9579.615234375,0.0,0.7194,0.69694,0.6423,5.952780384177458e-07,24.887271,11.485565,16.17799210548401,2022-11-02 18:21:07.612001,0.0
185,0.9584446811676025,9577.3046875,19.057127000000005,0.8808560385704041,9577.3037109375,0.0,1.0578194117546083,9577.3037109375,0.0,0.7131,0.69482,0.6413,3.35692590169856e-07,23.681498,11.682511,15.30353569984436,2022-11-02 18:21:44.773435,0.0
186,0.9010755252838135,9541.04296875,19.891156000000002,0.7994432458877564,9540.857421875,0.0,0.992651235461235,9540.857421875,0.0,0.7149,0.72192,0.6628,2.987290486089478e-07,24.923621,11.390924,15.967936515808105,2022-11-02 18:22:22.945760,0.0
187,0.8984197825193405,9529.8740234375,17.906079999999996,0.8855273770093918,9529.8583984375,0.0,1.0417981642484664,9529.8583984375,0.0,0.729,0.68964,0.6418,3.925179044017568e-07,22.758436,11.62609,14.055389881134033,2022-11-02 18:22:59.263502,0.0
188,0.9151567399501801,9501.7626953125,19.720775,0.8032976250648498,9501.5615234375,0.0,0.9876999998092652,9501.5615234375,0.0,0.7394,0.71974,0.6584,4.621911386948341e-07,24.876419,11.621347,15.785431146621704,2022-11-02 18:23:37.149202,0.0
189,0.8887413293123245,9482.4326171875,16.314994999999996,0.8759969599246978,9482.4296875,0.0,1.049547820687294,9482.4296875,0.0,0.7151,0.69306,0.6366,6.431095016523614e-07,20.891439,11.462333,12.563017129898071,2022-11-02 18:24:11.383989,0.0
190,0.911834997534752,9477.673828125,18.240947,0.8005705707073212,9477.1259765625,0.0,0.9963666182756424,9477.1259765625,0.0,0.7172,0.72076,0.666,4.896501764051209e-07,23.07705,11.785972,14.28535771369934,2022-11-02 18:24:47.477286,0.0
191,0.9027608162164689,9454.19140625,20.443652,0.8678957433700561,9454.17578125,0.0,1.039907117486,9454.17578125,0.0,0.7294,0.69716,0.6432,6.442622293434397e-07,25.270943,11.490457,16.54826521873474,2022-11-02 18:25:25.445960,0.0
192,0.9385562318563462,9451.5927734375,19.53852,0.8610288714170455,9451.5927734375,0.0,1.024545006752014,9451.5927734375,0.0,0.6996,0.70214,0.6456,3.7276032571753603e-07,24.133613,11.777701,15.831787109375,2022-11-02 18:26:02.863745,0.0
193,0.9151766449213028,9418.62890625,22.360747,0.7599425381422042,9418.5712890625,0.0,0.9582282203435898,9418.5712890625,0.0,0.7429,0.73574,0.6716,4.3642506852847873e-07,27.311751,11.468842,18.338364124298096,2022-11-02 18:26:43.800705,0.0
194,0.8979427897930146,9412.1142578125,18.928502000000005,0.8514604171514512,9412.11328125,0.0,1.0213250571489334,9412.11328125,0.0,0.7196,0.70656,0.6592,4.901824581793335e-07,23.461732,11.752732,15.154019355773926,2022-11-02 18:27:20.217784,0.0
195,0.8886259430646897,9382.0732421875,19.012993999999992,0.8010542290210724,9381.892578125,0.0,1.0056363475322723,9381.892578125,0.0,0.7325,0.72398,0.6551,4.3924819692620076e-07,24.077962,11.637667,15.0311758518219,2022-11-02 18:27:57.361908,0.0
196,0.8704890006780625,9364.90625,16.600246,0.7950531389713288,9364.90234375,0.0,0.9808953309059143,9364.90234375,0.0,0.7262,0.7245,0.6625,6.451716672017938e-07,21.201294,11.509453,12.805090188980103,2022-11-02 18:28:31.968305,0.0
197,0.8906387495994568,9357.734375,16.885909,0.7662020415067673,9357.361328125,0.0,0.9675867992639542,9357.361328125,0.0,0.7375,0.73464,0.668,4.423505686190765e-07,21.702072,11.621891,13.009097814559937,2022-11-02 18:29:06.869707,0.0
198,0.8730855202674865,9334.8701171875,19.60809499999999,0.859709008693695,9334.78515625,0.0,1.0681829249858856,9334.78515625,0.0,0.7128,0.7004,0.6374,5.845958526151662e-07,24.52742,11.447938,15.669539451599121,2022-11-02 18:29:44.087151,0.0
199,0.9041991764307022,9332.357421875,18.767356000000003,0.8714967645406723,9332.3486328125,0.0,1.062950176000595,9332.3486328125,0.0,0.7083,0.69582,0.6362,3.8671731772410567e-07,23.393241,11.71511,15.034908533096313,2022-11-02 18:30:20.605542,0.0
200,0.8645132195949554,9296.9775390625,21.790032999999998,0.8050760694742203,9296.7919921875,0.0,1.0263298344612122,9296.7919921875,0.0,0.7146,0.7223,0.6606,3.2423216111965303e-07,26.78125,11.45798,17.787397146224976,2022-11-02 18:31:00.077908,0.0
